Build started 11/18/2013 4:10:01 PM.
     1>Project "D:\VsProjects\QtSslDemo2\QtSslDemo2.vcxproj" on node 2 (Build target(s)).
     1>ClCompile:
         C:\Program Files (x86)\Microsoft Visual Studio 10.0\VC\bin\CL.exe /c /I.\GeneratedFiles /I. /ID:\Software\qt510\5.1.0\msvc2010_opengl\include /I.\GeneratedFiles\Debug /ID:\Software\qt510\5.1.0\msvc2010_opengl\include\QtCore /ID:\Software\qt510\5.1.0\msvc2010_opengl\include\QtGui /ID:\Software\qt510\5.1.0\msvc2010_opengl\include\QtNetwork /ID:\Software\qt510\5.1.0\msvc2010_opengl\include\QtTest /ID:\Software\qt510\5.1.0\msvc2010_opengl\include\QtConcurrent /ID:\Software\qt510\5.1.0\msvc2010_opengl\include\QtWidgets /Zi /nologo /W1 /WX- /Od /Oy- /D UNICODE /D WIN32 /D WIN64 /D QT_DLL /D QT_CORE_LIB /D QT_GUI_LIB /D QT_NETWORK_LIB /D QT_TESTLIB_LIB /D QT_CONCURRENT_LIB /D QT_WIDGETS_LIB /Gm- /EHsc /MDd /GS /fp:precise /Zc:wchar_t- /Zc:forScope /Fo"Debug\\" /Fd"Debug\vc100.pdb" /Gd /TP /analyze- /errorReport:prompt qtssldemo2.cpp
         qtssldemo2.cpp
       Link:
         C:\Program Files (x86)\Microsoft Visual Studio 10.0\VC\bin\link.exe /ERRORREPORT:PROMPT /OUT:"D:\VsProjects\QtThreadDemo\Win32\Debug\\QtSslDemo2.exe" /NOLOGO /LIBPATH:D:\Software\qt510\5.1.0\msvc2010_opengl\lib qtmaind.lib Qt5Cored.lib Qt5Guid.lib Qt5Networkd.lib Qt5Testd.lib Qt5Concurrentd.lib Qt5Widgetsd.lib kernel32.lib user32.lib gdi32.lib winspool.lib comdlg32.lib advapi32.lib shell32.lib ole32.lib oleaut32.lib uuid.lib odbc32.lib odbccp32.lib /MANIFEST /ManifestFile:"Debug\QtSslDemo2.exe.intermediate.manifest" /MANIFESTUAC:"level='asInvoker' uiAccess='false'" /DEBUG /PDB:"D:\VsProjects\QtThreadDemo\Win32\Debug\QtSslDemo2.pdb" /SUBSYSTEM:WINDOWS /TLBID:1 /DYNAMICBASE /NXCOMPAT /IMPLIB:"D:\VsProjects\QtThreadDemo\Win32\Debug\QtSslDemo2.lib" /MACHINE:X86 Debug\BytesLengthHelper.obj
         Debug\Communication.obj
         Debug\CommunicationObject.obj
         Debug\moc_Communication.obj
         Debug\moc_qtssldemo2.obj
         Debug\moc_SendCenter.obj
         Debug\qrc_qtssldemo2.obj
         Debug\InvokeManager.obj
         Debug\main.obj
         Debug\PacketBulder.obj
         Debug\PacketHelper.obj
         Debug\PacketParser.obj
         Debug\qtssldemo2.obj
         Debug\RequestCondition.obj
         Debug\ResponseConstants.obj
         Debug\SendCenter.obj
         LINK : D:\VsProjects\QtThreadDemo\Win32\Debug\\QtSslDemo2.exe not found or not built by the last incremental link; performing full link
         QtSslDemo2.vcxproj -> D:\VsProjects\QtThreadDemo\Win32\Debug\QtSslDemo2.exe
       Manifest:
         C:\Program Files (x86)\Microsoft SDKs\Windows\v7.0A\bin\mt.exe /nologo /verbose /outputresource:"D:\VsProjects\QtThreadDemo\Win32\Debug\\QtSslDemo2.exe;#1" /manifest Debug\QtSslDemo2.exe.intermediate.manifest
     1>Done Building Project "D:\VsProjects\QtSslDemo2\QtSslDemo2.vcxproj" (Build target(s)).

Build succeeded.

Time Elapsed 00:00:03.20
