D:\VSPROJECTS\CONSOLEAPPLICATION31\RELEASE\CONSOLEAPPLICATION31.PCH
D:\VSPROJECTS\CONSOLEAPPLICATION31\RELEASE\STDAFX.OBJ
D:\VSPROJECTS\CONSOLEAPPLICATION31\RELEASE\VC110.PDB
D:\VSPROJECTS\CONSOLEAPPLICATION31\RELEASE\CONSOLEAPPLICATION31.OBJ
D:\VSPROJECTS\CONSOLEAPPLICATION31\RELEASE\CONSOLEAPPLICATION31.EXE
D:\VSPROJECTS\CONSOLEAPPLICATION31\RELEASE\CONSOLEAPPLICATION31.PDB
D:\VsProjects\ConsoleApplication31\Release\ConsoleApplication31.obj
D:\VsProjects\ConsoleApplication31\Release\stdafx.obj
D:\VsProjects\ConsoleApplication31\Release\cl.command.1.tlog
D:\VsProjects\ConsoleApplication31\Release\CL.read.1.tlog
D:\VsProjects\ConsoleApplication31\Release\CL.write.1.tlog
D:\VsProjects\ConsoleApplication31\Release\link-cvtres.read.1.tlog
D:\VsProjects\ConsoleApplication31\Release\link-cvtres.write.1.tlog
D:\VsProjects\ConsoleApplication31\Release\link-rc.read.1.tlog
D:\VsProjects\ConsoleApplication31\Release\link-rc.write.1.tlog
D:\VsProjects\ConsoleApplication31\Release\link.command.1.tlog
D:\VsProjects\ConsoleApplication31\Release\link.read.1.tlog
D:\VsProjects\ConsoleApplication31\Release\link.write.1.tlog
D:\VsProjects\ConsoleApplication31\Release\ConsoleApplication31.pch
D:\VsProjects\ConsoleApplication31\Release\ConsoleApplication31.pdb
D:\VsProjects\ConsoleApplication31\Release\vc110.pdb
D:\VsProjects\ConsoleApplication31\Release\ConsoleApplication31.exe
