Build started 6/18/2012 5:41:44 PM.
     1>Project "D:\VsProjects\MFC1\MFC1\MFC1.vcxproj" on node 2 (build target(s)).
     1>PrepareForBuild:
         Creating directory "D:\VsProjects\MFC1\Debug\".
       InitializeBuildStatus:
         Creating "Debug\MFC1.unsuccessfulbuild" because "AlwaysCreate" was specified.
       ClCompile:
         C:\Program Files (x86)\Microsoft Visual Studio 10.0\VC\bin\CL.exe /c /ZI /nologo /W3 /WX- /Od /Oy- /D WIN32 /D _WINDOWS /D _DEBUG /D _UNICODE /D UNICODE /D _AFXDLL /Gm /EHsc /RTC1 /MDd /GS /fp:precise /Zc:wchar_t /Zc:forScope /Yc"StdAfx.h" /Fp"Debug\MFC1.pch" /Fo"Debug\\" /Fd"Debug\vc100.pdb" /Gd /TP /analyze- /errorReport:prompt stdafx.cpp
         stdafx.cpp
         C:\Program Files (x86)\Microsoft Visual Studio 10.0\VC\bin\CL.exe /c /ZI /nologo /W3 /WX- /Od /Oy- /D WIN32 /D _WINDOWS /D _DEBUG /D _UNICODE /D UNICODE /D _AFXDLL /Gm /EHsc /RTC1 /MDd /GS /fp:precise /Zc:wchar_t /Zc:forScope /Yu"StdAfx.h" /Fp"Debug\MFC1.pch" /Fo"Debug\\" /Fd"Debug\vc100.pdb" /Gd /TP /analyze- /errorReport:prompt ChildFrm.cpp ClassView.cpp FileView.cpp MainFrm.cpp MFC1.cpp MFC1Doc.cpp MFC1View.cpp OutputWnd.cpp PropertiesWnd.cpp ViewTree.cpp
         ViewTree.cpp
         PropertiesWnd.cpp
         OutputWnd.cpp
         MFC1View.cpp
         MFC1Doc.cpp
         MFC1.cpp
         MainFrm.cpp
         FileView.cpp
         ClassView.cpp
         ChildFrm.cpp
         Generating Code...
       ResourceCompile:
         C:\Program Files (x86)\Microsoft SDKs\Windows\v7.0A\bin\rc.exe /D _DEBUG /D _UNICODE /D UNICODE /D _AFXDLL /l"0x0409" /IDebug\ /nologo /fo"Debug\MFC1.res" MFC1.rc 
       ManifestResourceCompile:
         C:\Program Files (x86)\Microsoft SDKs\Windows\v7.0A\bin\rc.exe /nologo /fo"Debug\MFC1.exe.embed.manifest.res" Debug\MFC1_manifest.rc 
       Link:
         C:\Program Files (x86)\Microsoft Visual Studio 10.0\VC\bin\link.exe /ERRORREPORT:PROMPT /OUT:"D:\VsProjects\MFC1\Debug\MFC1.exe" /INCREMENTAL /NOLOGO /MANIFEST /ManifestFile:"Debug\MFC1.exe.intermediate.manifest" /MANIFESTUAC:"level='asInvoker' uiAccess='false'" /DEBUG /PDB:"D:\VsProjects\MFC1\Debug\MFC1.pdb" /SUBSYSTEM:WINDOWS /TLBID:1 /ENTRY:"wWinMainCRTStartup" /DYNAMICBASE /NXCOMPAT /IMPLIB:"D:\VsProjects\MFC1\Debug\MFC1.lib" /MACHINE:X86 Debug\MFC1.res
         Debug\MFC1.exe.embed.manifest.res
         Debug\ChildFrm.obj
         Debug\ClassView.obj
         Debug\FileView.obj
         Debug\MainFrm.obj
         Debug\MFC1.obj
         Debug\MFC1Doc.obj
         Debug\MFC1View.obj
         Debug\OutputWnd.obj
         Debug\PropertiesWnd.obj
         Debug\stdafx.obj
         Debug\ViewTree.obj
       Manifest:
         C:\Program Files (x86)\Microsoft SDKs\Windows\v7.0A\bin\mt.exe /nologo /verbose /out:"Debug\MFC1.exe.embed.manifest" /manifest Debug\MFC1.exe.intermediate.manifest "C:\Program Files (x86)\Microsoft Visual Studio 10.0\VC\Include\Manifest\dpiaware.manifest"
         C:\Program Files (x86)\Microsoft SDKs\Windows\v7.0A\bin\rc.exe /nologo /fo"Debug\MFC1.exe.embed.manifest.res" Debug\MFC1_manifest.rc 
       LinkEmbedManifest:
         C:\Program Files (x86)\Microsoft Visual Studio 10.0\VC\bin\link.exe /ERRORREPORT:PROMPT /OUT:"D:\VsProjects\MFC1\Debug\MFC1.exe" /INCREMENTAL /NOLOGO /MANIFEST /ManifestFile:"Debug\MFC1.exe.intermediate.manifest" /MANIFESTUAC:"level='asInvoker' uiAccess='false'" /DEBUG /PDB:"D:\VsProjects\MFC1\Debug\MFC1.pdb" /SUBSYSTEM:WINDOWS /TLBID:1 /ENTRY:"wWinMainCRTStartup" /DYNAMICBASE /NXCOMPAT /IMPLIB:"D:\VsProjects\MFC1\Debug\MFC1.lib" /MACHINE:X86 Debug\MFC1.res
         Debug\MFC1.exe.embed.manifest.res
         Debug\ChildFrm.obj
         Debug\ClassView.obj
         Debug\FileView.obj
         Debug\MainFrm.obj
         Debug\MFC1.obj
         Debug\MFC1Doc.obj
         Debug\MFC1View.obj
         Debug\OutputWnd.obj
         Debug\PropertiesWnd.obj
         Debug\stdafx.obj
         Debug\ViewTree.obj
         MFC1.vcxproj -> D:\VsProjects\MFC1\Debug\MFC1.exe
       FinalizeBuildStatus:
         Deleting file "Debug\MFC1.unsuccessfulbuild".
         Touching "Debug\MFC1.lastbuildstate".
     1>Done Building Project "D:\VsProjects\MFC1\MFC1\MFC1.vcxproj" (build target(s)).

Build succeeded.

Time Elapsed 00:00:12.42
