[Header] 2012-02-24 14:18:43,152 [9] INFO  WPF.RealTime.Shell.Bootstrapper [(null)] <(null)> - MOCK Mode
2012-02-24 14:18:43,697 [9] INFO  WPF.RealTime.Shell.Bootstrapper [(null)] <(null)> - Parts discovered
2012-02-24 14:18:43,807 [9] INFO  WPF.RealTime.Shell.Bootstrapper [(null)] <(null)> - Static View Models injected
2012-02-24 14:18:43,916 [9] INFO  WPF.RealTime.Shell.Bootstrapper [(null)] <(null)> - Dynamic View Models injected
2012-02-24 14:18:44,020 [9] INFO  WPF.RealTime.Shell.Bootstrapper [(null)] <(null)> - Services injected
2012-02-24 14:18:46,015 [11] WARN  WPF.RealTime.Infrastructure.Tasks.Schedulers.PriorityTaskScheduler [(null)] <(null)> - Real-time Deadline exceeded : 61.0122
2012-02-24 14:18:46,015 [13] WARN  WPF.RealTime.Infrastructure.Tasks.Schedulers.PriorityTaskScheduler [(null)] <(null)> - Real-time Deadline exceeded : 61.0122
2012-02-24 14:18:48,013 [12] WARN  WPF.RealTime.Infrastructure.Tasks.Schedulers.PriorityTaskScheduler [(null)] <(null)> - Real-time Deadline exceeded : 62.0124
2012-02-24 14:18:48,013 [13] WARN  WPF.RealTime.Infrastructure.Tasks.Schedulers.PriorityTaskScheduler [(null)] <(null)> - Real-time Deadline exceeded : 62.0124
2012-02-24 14:18:48,683 [9] INFO  WPF.RealTime.Infrastructure.Tasks.Schedulers.PriorityTaskScheduler [(null)] <(null)> - Sporadic jumped the queue at: 2/24/2012 6:18:48 AM
2012-02-24 14:18:48,793 [18] INFO  Shell [(null)] <(null)> - Dispatcher Operations In Queue 1, 
2012-02-24 14:18:53,787 [19] INFO  Shell [(null)] <(null)> - Dispatcher Operations In Queue 1, 
2012-02-24 14:18:53,959 [18] INFO  Bond Module [(null)] <(null)> - Dispatcher Operations In Queue 1, 
2012-02-24 14:18:53,959 [17] INFO  Future Module [(null)] <(null)> - Dispatcher Operations In Queue 2, 
2012-02-24 14:18:54,003 [13] WARN  WPF.RealTime.Infrastructure.Tasks.Schedulers.PriorityTaskScheduler [(null)] <(null)> - Real-time Deadline exceeded : 60.012
2012-02-24 14:18:55,860 [6] WARN  Shell [(null)] <(null)> - Lost heartbeat from: Future Module
2012-02-24 14:18:56,102 [9] INFO  WPF.RealTime.Shell.App [(null)] <(null)> - Theme changed: Luna
2012-02-24 14:18:57,395 [9] INFO  WPF.RealTime.Shell.App [(null)] <(null)> - Theme changed: Royale
2012-02-24 14:18:57,875 [19] WARN  Shell [(null)] <(null)> - Lost heartbeat from: Future Module
2012-02-24 14:18:58,795 [17] INFO  Shell [(null)] <(null)> - Dispatcher Operations In Queue 1, 
2012-02-24 14:18:58,949 [18] INFO  Bond Module [(null)] <(null)> - Dispatcher Operations In Queue 1, 
2012-02-24 14:18:58,949 [19] INFO  Future Module [(null)] <(null)> - Dispatcher Operations In Queue 5, 
2012-02-24 14:18:59,871 [12] WARN  WPF.RealTime.Infrastructure.Tasks.Schedulers.PriorityTaskScheduler [(null)] <(null)> - Real-time Deadline exceeded : 63.0126
2012-02-24 14:19:00,276 [9] INFO  WPF.RealTime.Infrastructure.Tasks.Schedulers.PriorityTaskScheduler [(null)] <(null)> - Sporadic jumped the queue at: 2/24/2012 6:19:00 AM
2012-02-24 14:19:01,176 [9] INFO  WPF.RealTime.Infrastructure.Tasks.Schedulers.PriorityTaskScheduler [(null)] <(null)> - Sporadic jumped the queue at: 2/24/2012 6:19:01 AM
2012-02-24 14:19:03,787 [22] INFO  Shell [(null)] <(null)> - Dispatcher Operations In Queue 1, 
2012-02-24 14:19:03,867 [14] WARN  WPF.RealTime.Infrastructure.Tasks.Schedulers.PriorityTaskScheduler [(null)] <(null)> - Real-time Deadline exceeded : 62.0124
2012-02-24 14:19:03,960 [22] INFO  Bond Module [(null)] <(null)> - Dispatcher Operations In Queue 1, 
2012-02-24 14:19:03,960 [6] INFO  Future Module [(null)] <(null)> - Dispatcher Operations In Queue 76, 
2012-02-24 14:19:04,490 [12] WARN  WPF.RealTime.Infrastructure.Tasks.Schedulers.PriorityTaskScheduler [(null)] <(null)> - Real-time Deadline exceeded : 59.0118
2012-02-24 14:19:04,552 [11] WARN  WPF.RealTime.Infrastructure.Tasks.Schedulers.PriorityTaskScheduler [(null)] <(null)> - Real-time Deadline exceeded : 53.0106
2012-02-24 14:19:04,614 [13] WARN  WPF.RealTime.Infrastructure.Tasks.Schedulers.PriorityTaskScheduler [(null)] <(null)> - Real-time Deadline exceeded : 61.0122
2012-02-24 14:19:04,675 [14] WARN  WPF.RealTime.Infrastructure.Tasks.Schedulers.PriorityTaskScheduler [(null)] <(null)> - Real-time Deadline exceeded : 59.0118
2012-02-24 14:19:04,738 [12] WARN  WPF.RealTime.Infrastructure.Tasks.Schedulers.PriorityTaskScheduler [(null)] <(null)> - Real-time Deadline exceeded : 62.0124
2012-02-24 14:19:04,802 [14] WARN  WPF.RealTime.Infrastructure.Tasks.Schedulers.PriorityTaskScheduler [(null)] <(null)> - Real-time Deadline exceeded : 61.0122
2012-02-24 14:19:04,864 [12] WARN  WPF.RealTime.Infrastructure.Tasks.Schedulers.PriorityTaskScheduler [(null)] <(null)> - Real-time Deadline exceeded : 59.0118
2012-02-24 14:19:04,926 [11] WARN  WPF.RealTime.Infrastructure.Tasks.Schedulers.PriorityTaskScheduler [(null)] <(null)> - Real-time Deadline exceeded : 61.0122
2012-02-24 14:19:04,989 [12] WARN  WPF.RealTime.Infrastructure.Tasks.Schedulers.PriorityTaskScheduler [(null)] <(null)> - Real-time Deadline exceeded : 62.0124
2012-02-24 14:19:05,052 [11] WARN  WPF.RealTime.Infrastructure.Tasks.Schedulers.PriorityTaskScheduler [(null)] <(null)> - Real-time Deadline exceeded : 62.0124
2012-02-24 14:19:05,114 [12] WARN  WPF.RealTime.Infrastructure.Tasks.Schedulers.PriorityTaskScheduler [(null)] <(null)> - Real-time Deadline exceeded : 62.0124
2012-02-24 14:19:05,177 [14] WARN  WPF.RealTime.Infrastructure.Tasks.Schedulers.PriorityTaskScheduler [(null)] <(null)> - Real-time Deadline exceeded : 62.0124
2012-02-24 14:19:05,239 [13] WARN  WPF.RealTime.Infrastructure.Tasks.Schedulers.PriorityTaskScheduler [(null)] <(null)> - Real-time Deadline exceeded : 59.0118
2012-02-24 14:19:05,301 [11] WARN  WPF.RealTime.Infrastructure.Tasks.Schedulers.PriorityTaskScheduler [(null)] <(null)> - Real-time Deadline exceeded : 62.0124
2012-02-24 14:19:05,363 [12] WARN  WPF.RealTime.Infrastructure.Tasks.Schedulers.PriorityTaskScheduler [(null)] <(null)> - Real-time Deadline exceeded : 61.0122
2012-02-24 14:19:05,426 [14] WARN  WPF.RealTime.Infrastructure.Tasks.Schedulers.PriorityTaskScheduler [(null)] <(null)> - Real-time Deadline exceeded : 62.0124
2012-02-24 14:19:05,487 [13] WARN  WPF.RealTime.Infrastructure.Tasks.Schedulers.PriorityTaskScheduler [(null)] <(null)> - Real-time Deadline exceeded : 59.0118
2012-02-24 14:19:05,549 [14] WARN  WPF.RealTime.Infrastructure.Tasks.Schedulers.PriorityTaskScheduler [(null)] <(null)> - Real-time Deadline exceeded : 61.0122
2012-02-24 14:19:05,612 [12] WARN  WPF.RealTime.Infrastructure.Tasks.Schedulers.PriorityTaskScheduler [(null)] <(null)> - Real-time Deadline exceeded : 62.0124
2012-02-24 14:19:05,674 [11] WARN  WPF.RealTime.Infrastructure.Tasks.Schedulers.PriorityTaskScheduler [(null)] <(null)> - Real-time Deadline exceeded : 61.0122
2012-02-24 14:19:05,738 [13] WARN  WPF.RealTime.Infrastructure.Tasks.Schedulers.PriorityTaskScheduler [(null)] <(null)> - Real-time Deadline exceeded : 63.0126
2012-02-24 14:19:05,799 [11] WARN  WPF.RealTime.Infrastructure.Tasks.Schedulers.PriorityTaskScheduler [(null)] <(null)> - Real-time Deadline exceeded : 59.0118
2012-02-24 14:19:05,863 [12] WARN  WPF.RealTime.Infrastructure.Tasks.Schedulers.PriorityTaskScheduler [(null)] <(null)> - Real-time Deadline exceeded : 62.0124
2012-02-24 14:19:05,924 [11] WARN  WPF.RealTime.Infrastructure.Tasks.Schedulers.PriorityTaskScheduler [(null)] <(null)> - Real-time Deadline exceeded : 59.0118
2012-02-24 14:19:05,986 [13] WARN  WPF.RealTime.Infrastructure.Tasks.Schedulers.PriorityTaskScheduler [(null)] <(null)> - Real-time Deadline exceeded : 61.0122
2012-02-24 14:19:06,053 [12] WARN  WPF.RealTime.Infrastructure.Tasks.Schedulers.PriorityTaskScheduler [(null)] <(null)> - Real-time Deadline exceeded : 65.013
2012-02-24 14:19:06,114 [11] WARN  WPF.RealTime.Infrastructure.Tasks.Schedulers.PriorityTaskScheduler [(null)] <(null)> - Real-time Deadline exceeded : 59.0118
2012-02-24 14:19:06,174 [12] WARN  WPF.RealTime.Infrastructure.Tasks.Schedulers.PriorityTaskScheduler [(null)] <(null)> - Real-time Deadline exceeded : 58.0116
2012-02-24 14:19:06,238 [11] WARN  WPF.RealTime.Infrastructure.Tasks.Schedulers.PriorityTaskScheduler [(null)] <(null)> - Real-time Deadline exceeded : 62.0124
2012-02-24 14:19:06,299 [12] WARN  WPF.RealTime.Infrastructure.Tasks.Schedulers.PriorityTaskScheduler [(null)] <(null)> - Real-time Deadline exceeded : 60.012
2012-02-24 14:19:06,362 [11] WARN  WPF.RealTime.Infrastructure.Tasks.Schedulers.PriorityTaskScheduler [(null)] <(null)> - Real-time Deadline exceeded : 62.0124
2012-02-24 14:19:06,424 [12] WARN  WPF.RealTime.Infrastructure.Tasks.Schedulers.PriorityTaskScheduler [(null)] <(null)> - Real-time Deadline exceeded : 56.0112
2012-02-24 14:19:06,486 [11] WARN  WPF.RealTime.Infrastructure.Tasks.Schedulers.PriorityTaskScheduler [(null)] <(null)> - Real-time Deadline exceeded : 61.0122
2012-02-24 14:19:06,549 [12] WARN  WPF.RealTime.Infrastructure.Tasks.Schedulers.PriorityTaskScheduler [(null)] <(null)> - Real-time Deadline exceeded : 61.0122
2012-02-24 14:19:06,611 [11] WARN  WPF.RealTime.Infrastructure.Tasks.Schedulers.PriorityTaskScheduler [(null)] <(null)> - Real-time Deadline exceeded : 61.0122
2012-02-24 14:19:06,675 [12] WARN  WPF.RealTime.Infrastructure.Tasks.Schedulers.PriorityTaskScheduler [(null)] <(null)> - Real-time Deadline exceeded : 62.0124
2012-02-24 14:19:06,738 [11] WARN  WPF.RealTime.Infrastructure.Tasks.Schedulers.PriorityTaskScheduler [(null)] <(null)> - Real-time Deadline exceeded : 62.0124
2012-02-24 14:19:06,802 [12] WARN  WPF.RealTime.Infrastructure.Tasks.Schedulers.PriorityTaskScheduler [(null)] <(null)> - Real-time Deadline exceeded : 63.0126
2012-02-24 14:19:06,861 [11] WARN  WPF.RealTime.Infrastructure.Tasks.Schedulers.PriorityTaskScheduler [(null)] <(null)> - Real-time Deadline exceeded : 56.0112
2012-02-24 14:19:06,923 [12] WARN  WPF.RealTime.Infrastructure.Tasks.Schedulers.PriorityTaskScheduler [(null)] <(null)> - Real-time Deadline exceeded : 61.0122
2012-02-24 14:19:06,987 [14] WARN  WPF.RealTime.Infrastructure.Tasks.Schedulers.PriorityTaskScheduler [(null)] <(null)> - Real-time Deadline exceeded : 62.0124
2012-02-24 14:19:07,048 [12] WARN  WPF.RealTime.Infrastructure.Tasks.Schedulers.PriorityTaskScheduler [(null)] <(null)> - Real-time Deadline exceeded : 59.0118
2012-02-24 14:19:07,110 [11] WARN  WPF.RealTime.Infrastructure.Tasks.Schedulers.PriorityTaskScheduler [(null)] <(null)> - Real-time Deadline exceeded : 61.0122
2012-02-24 14:19:07,174 [13] WARN  WPF.RealTime.Infrastructure.Tasks.Schedulers.PriorityTaskScheduler [(null)] <(null)> - Real-time Deadline exceeded : 62.0124
2012-02-24 14:19:07,236 [14] WARN  WPF.RealTime.Infrastructure.Tasks.Schedulers.PriorityTaskScheduler [(null)] <(null)> - Real-time Deadline exceeded : 61.0122
2012-02-24 14:19:07,299 [12] WARN  WPF.RealTime.Infrastructure.Tasks.Schedulers.PriorityTaskScheduler [(null)] <(null)> - Real-time Deadline exceeded : 62.0124
2012-02-24 14:19:07,360 [11] WARN  WPF.RealTime.Infrastructure.Tasks.Schedulers.PriorityTaskScheduler [(null)] <(null)> - Real-time Deadline exceeded : 59.0118
2012-02-24 14:19:07,422 [13] WARN  WPF.RealTime.Infrastructure.Tasks.Schedulers.PriorityTaskScheduler [(null)] <(null)> - Real-time Deadline exceeded : 61.0122
2012-02-24 14:19:07,485 [14] WARN  WPF.RealTime.Infrastructure.Tasks.Schedulers.PriorityTaskScheduler [(null)] <(null)> - Real-time Deadline exceeded : 53.0106
2012-02-24 14:19:07,548 [12] WARN  WPF.RealTime.Infrastructure.Tasks.Schedulers.PriorityTaskScheduler [(null)] <(null)> - Real-time Deadline exceeded : 61.0122
2012-02-24 14:19:07,609 [11] WARN  WPF.RealTime.Infrastructure.Tasks.Schedulers.PriorityTaskScheduler [(null)] <(null)> - Real-time Deadline exceeded : 59.0118
2012-02-24 14:19:07,673 [12] WARN  WPF.RealTime.Infrastructure.Tasks.Schedulers.PriorityTaskScheduler [(null)] <(null)> - Real-time Deadline exceeded : 62.0124
2012-02-24 14:19:07,736 [11] WARN  WPF.RealTime.Infrastructure.Tasks.Schedulers.PriorityTaskScheduler [(null)] <(null)> - Real-time Deadline exceeded : 61.0122
2012-02-24 14:19:07,797 [12] WARN  WPF.RealTime.Infrastructure.Tasks.Schedulers.PriorityTaskScheduler [(null)] <(null)> - Real-time Deadline exceeded : 60.012
2012-02-24 14:19:07,858 [11] WARN  WPF.RealTime.Infrastructure.Tasks.Schedulers.PriorityTaskScheduler [(null)] <(null)> - Real-time Deadline exceeded : 60.012
2012-02-24 14:19:07,921 [12] WARN  WPF.RealTime.Infrastructure.Tasks.Schedulers.PriorityTaskScheduler [(null)] <(null)> - Real-time Deadline exceeded : 62.0124
2012-02-24 14:19:07,985 [11] WARN  WPF.RealTime.Infrastructure.Tasks.Schedulers.PriorityTaskScheduler [(null)] <(null)> - Real-time Deadline exceeded : 63.0126
2012-02-24 14:19:08,048 [12] WARN  WPF.RealTime.Infrastructure.Tasks.Schedulers.PriorityTaskScheduler [(null)] <(null)> - Real-time Deadline exceeded : 62.0124
2012-02-24 14:19:08,108 [13] WARN  WPF.RealTime.Infrastructure.Tasks.Schedulers.PriorityTaskScheduler [(null)] <(null)> - Real-time Deadline exceeded : 59.0118
2012-02-24 14:19:08,170 [12] WARN  WPF.RealTime.Infrastructure.Tasks.Schedulers.PriorityTaskScheduler [(null)] <(null)> - Real-time Deadline exceeded : 61.0122
2012-02-24 14:19:08,234 [13] WARN  WPF.RealTime.Infrastructure.Tasks.Schedulers.PriorityTaskScheduler [(null)] <(null)> - Real-time Deadline exceeded : 62.0124
2012-02-24 14:19:08,297 [12] WARN  WPF.RealTime.Infrastructure.Tasks.Schedulers.PriorityTaskScheduler [(null)] <(null)> - Real-time Deadline exceeded : 62.0124
2012-02-24 14:19:08,362 [13] WARN  WPF.RealTime.Infrastructure.Tasks.Schedulers.PriorityTaskScheduler [(null)] <(null)> - Real-time Deadline exceeded : 64.0128
2012-02-24 14:19:08,427 [14] WARN  WPF.RealTime.Infrastructure.Tasks.Schedulers.PriorityTaskScheduler [(null)] <(null)> - Real-time Deadline exceeded : 64.0128
2012-02-24 14:19:08,482 [13] WARN  WPF.RealTime.Infrastructure.Tasks.Schedulers.PriorityTaskScheduler [(null)] <(null)> - Real-time Deadline exceeded : 55.011
[Header] 2012-02-24 14:28:07,634 [10] INFO  WPF.RealTime.Shell.Bootstrapper [(null)] <(null)> - MOCK Mode
2012-02-24 14:28:08,170 [10] INFO  WPF.RealTime.Shell.Bootstrapper [(null)] <(null)> - Parts discovered
2012-02-24 14:28:08,267 [10] INFO  WPF.RealTime.Shell.Bootstrapper [(null)] <(null)> - Static View Models injected
2012-02-24 14:28:08,403 [10] INFO  WPF.RealTime.Shell.Bootstrapper [(null)] <(null)> - Dynamic View Models injected
2012-02-24 14:28:08,484 [10] INFO  WPF.RealTime.Shell.Bootstrapper [(null)] <(null)> - Services injected
2012-02-24 14:28:08,497 [11] WARN  WPF.RealTime.Infrastructure.Tasks.Schedulers.PriorityTaskScheduler [(null)] <(null)> - Real-time Deadline exceeded : 56.0112
2012-02-24 14:28:08,497 [12] WARN  WPF.RealTime.Infrastructure.Tasks.Schedulers.PriorityTaskScheduler [(null)] <(null)> - Real-time Deadline exceeded : 56.0112
2012-02-24 14:28:10,322 [14] WARN  WPF.RealTime.Infrastructure.Tasks.Schedulers.PriorityTaskScheduler [(null)] <(null)> - Real-time Deadline exceeded : 61.0122
2012-02-24 14:28:10,509 [11] WARN  WPF.RealTime.Infrastructure.Tasks.Schedulers.PriorityTaskScheduler [(null)] <(null)> - Real-time Deadline exceeded : 65.013
2012-02-24 14:28:10,509 [11] WARN  WPF.RealTime.Infrastructure.Tasks.Schedulers.PriorityTaskScheduler [(null)] <(null)> - Real-time Deadline exceeded : 64.0128
2012-02-24 14:28:11,942 [10] INFO  WPF.RealTime.Infrastructure.Tasks.Schedulers.PriorityTaskScheduler [(null)] <(null)> - Sporadic jumped the queue at: 2/24/2012 6:28:11 AM
2012-02-24 14:28:12,317 [11] WARN  WPF.RealTime.Infrastructure.Tasks.Schedulers.PriorityTaskScheduler [(null)] <(null)> - Real-time Deadline exceeded : 55.011
2012-02-24 14:28:12,506 [14] WARN  WPF.RealTime.Infrastructure.Tasks.Schedulers.PriorityTaskScheduler [(null)] <(null)> - Real-time Deadline exceeded : 62.0124
2012-02-24 14:28:12,506 [14] WARN  WPF.RealTime.Infrastructure.Tasks.Schedulers.PriorityTaskScheduler [(null)] <(null)> - Real-time Deadline exceeded : 60.012
2012-02-24 14:28:13,254 [19] INFO  Shell [(null)] <(null)> - Dispatcher Operations In Queue 1, 
2012-02-24 14:28:14,315 [14] WARN  WPF.RealTime.Infrastructure.Tasks.Schedulers.PriorityTaskScheduler [(null)] <(null)> - Real-time Deadline exceeded : 62.0124
2012-02-24 14:28:14,501 [12] WARN  WPF.RealTime.Infrastructure.Tasks.Schedulers.PriorityTaskScheduler [(null)] <(null)> - Real-time Deadline exceeded : 62.0124
2012-02-24 14:28:14,501 [12] WARN  WPF.RealTime.Infrastructure.Tasks.Schedulers.PriorityTaskScheduler [(null)] <(null)> - Real-time Deadline exceeded : 62.0124
2012-02-24 14:28:16,314 [12] WARN  WPF.RealTime.Infrastructure.Tasks.Schedulers.PriorityTaskScheduler [(null)] <(null)> - Real-time Deadline exceeded : 59.0118
2012-02-24 14:28:17,463 [10] INFO  WPF.RealTime.Infrastructure.Tasks.Schedulers.PriorityTaskScheduler [(null)] <(null)> - Sporadic jumped the queue at: 2/24/2012 6:28:17 AM
2012-02-24 14:28:18,247 [22] INFO  Shell [(null)] <(null)> - Dispatcher Operations In Queue 1, 
2012-02-24 14:28:18,308 [12] WARN  WPF.RealTime.Infrastructure.Tasks.Schedulers.PriorityTaskScheduler [(null)] <(null)> - Real-time Deadline exceeded : 54.0108
2012-02-24 14:28:18,450 [22] INFO  Bond Module [(null)] <(null)> - Dispatcher Operations In Queue 1, 
2012-02-24 14:28:20,323 [20] WARN  Shell [(null)] <(null)> - Lost heartbeat from: Bond Module
2012-02-24 14:28:22,335 [15] WARN  Shell [(null)] <(null)> - Lost heartbeat from: Bond Module
2012-02-24 14:28:23,347 [19] INFO  Shell [(null)] <(null)> - Dispatcher Operations In Queue 1, 
2012-02-24 14:28:23,446 [19] INFO  Future Module [(null)] <(null)> - Dispatcher Operations In Queue 3, 
2012-02-24 14:28:23,446 [20] INFO  Bond Module [(null)] <(null)> - Dispatcher Operations In Queue 4, 
2012-02-24 14:28:24,346 [23] WARN  Shell [(null)] <(null)> - Lost heartbeat from: Bond Module
2012-02-24 14:28:25,239 [13] WARN  WPF.RealTime.Infrastructure.Tasks.Schedulers.PriorityTaskScheduler [(null)] <(null)> - Real-time Deadline exceeded : 55.011
2012-02-24 14:28:25,299 [14] WARN  WPF.RealTime.Infrastructure.Tasks.Schedulers.PriorityTaskScheduler [(null)] <(null)> - Real-time Deadline exceeded : 60.012
2012-02-24 14:28:25,362 [13] WARN  WPF.RealTime.Infrastructure.Tasks.Schedulers.PriorityTaskScheduler [(null)] <(null)> - Real-time Deadline exceeded : 63.0126
2012-02-24 14:28:25,426 [14] WARN  WPF.RealTime.Infrastructure.Tasks.Schedulers.PriorityTaskScheduler [(null)] <(null)> - Real-time Deadline exceeded : 64.0128
2012-02-24 14:28:25,486 [13] WARN  WPF.RealTime.Infrastructure.Tasks.Schedulers.PriorityTaskScheduler [(null)] <(null)> - Real-time Deadline exceeded : 60.012
2012-02-24 14:28:25,548 [14] WARN  WPF.RealTime.Infrastructure.Tasks.Schedulers.PriorityTaskScheduler [(null)] <(null)> - Real-time Deadline exceeded : 62.0124
2012-02-24 14:28:25,612 [13] WARN  WPF.RealTime.Infrastructure.Tasks.Schedulers.PriorityTaskScheduler [(null)] <(null)> - Real-time Deadline exceeded : 63.0126
2012-02-24 14:28:25,716 [14] WARN  WPF.RealTime.Infrastructure.Tasks.Schedulers.PriorityTaskScheduler [(null)] <(null)> - Real-time Deadline exceeded : 104.0208
2012-02-24 14:28:25,938 [11] WARN  WPF.RealTime.Infrastructure.Tasks.Schedulers.PriorityTaskScheduler [(null)] <(null)> - Real-time Deadline exceeded : 102.0204
2012-02-24 14:28:26,253 [11] WARN  WPF.RealTime.Infrastructure.Tasks.Schedulers.PriorityTaskScheduler [(null)] <(null)> - Real-time Deadline exceeded : 126.0252
2012-02-24 14:28:26,360 [19] WARN  Shell [(null)] <(null)> - Lost heartbeat from: Future Module
2012-02-24 14:28:26,360 [19] WARN  Shell [(null)] <(null)> - Lost heartbeat from: Bond Module
2012-02-24 14:28:26,542 [10] INFO  WPF.RealTime.Infrastructure.Tasks.Schedulers.PriorityTaskScheduler [(null)] <(null)> - Sporadic jumped the queue at: 2/24/2012 6:28:26 AM
2012-02-24 14:28:27,835 [10] INFO  WPF.RealTime.Infrastructure.Tasks.Schedulers.PriorityTaskScheduler [(null)] <(null)> - Sporadic jumped the queue at: 2/24/2012 6:28:27 AM
2012-02-24 14:28:28,232 [21] INFO  Shell [(null)] <(null)> - Dispatcher Operations In Queue 1, 
2012-02-24 14:28:28,372 [23] WARN  Shell [(null)] <(null)> - Lost heartbeat from: Future Module
2012-02-24 14:28:28,372 [23] WARN  Shell [(null)] <(null)> - Lost heartbeat from: Bond Module
2012-02-24 14:28:28,434 [23] INFO  Future Module [(null)] <(null)> - Dispatcher Operations In Queue 79, 
2012-02-24 14:28:28,434 [19] INFO  Bond Module [(null)] <(null)> - Dispatcher Operations In Queue 6, 
2012-02-24 14:28:28,686 [11] WARN  WPF.RealTime.Infrastructure.Tasks.Schedulers.PriorityTaskScheduler [(null)] <(null)> - Real-time Deadline exceeded : 110.022
2012-02-24 14:28:30,385 [19] WARN  Shell [(null)] <(null)> - Lost heartbeat from: Future Module
2012-02-24 14:28:30,385 [19] WARN  Shell [(null)] <(null)> - Lost heartbeat from: Bond Module
2012-02-24 14:28:30,737 [13] WARN  WPF.RealTime.Infrastructure.Tasks.Schedulers.PriorityTaskScheduler [(null)] <(null)> - Real-time Deadline exceeded : 117.0234
2012-02-24 14:28:30,791 [12] WARN  WPF.RealTime.Infrastructure.Tasks.Schedulers.PriorityTaskScheduler [(null)] <(null)> - Real-time Deadline exceeded : 53.0106
2012-02-24 14:28:30,854 [13] WARN  WPF.RealTime.Infrastructure.Tasks.Schedulers.PriorityTaskScheduler [(null)] <(null)> - Real-time Deadline exceeded : 60.012
2012-02-24 14:28:30,918 [11] WARN  WPF.RealTime.Infrastructure.Tasks.Schedulers.PriorityTaskScheduler [(null)] <(null)> - Real-time Deadline exceeded : 65.013
2012-02-24 14:28:30,981 [13] WARN  WPF.RealTime.Infrastructure.Tasks.Schedulers.PriorityTaskScheduler [(null)] <(null)> - Real-time Deadline exceeded : 63.0126
2012-02-24 14:28:31,042 [11] WARN  WPF.RealTime.Infrastructure.Tasks.Schedulers.PriorityTaskScheduler [(null)] <(null)> - Real-time Deadline exceeded : 60.012
2012-02-24 14:28:31,103 [13] WARN  WPF.RealTime.Infrastructure.Tasks.Schedulers.PriorityTaskScheduler [(null)] <(null)> - Real-time Deadline exceeded : 60.012
2012-02-24 14:28:31,168 [12] WARN  WPF.RealTime.Infrastructure.Tasks.Schedulers.PriorityTaskScheduler [(null)] <(null)> - Real-time Deadline exceeded : 64.0128
2012-02-24 14:28:31,235 [13] WARN  WPF.RealTime.Infrastructure.Tasks.Schedulers.PriorityTaskScheduler [(null)] <(null)> - Real-time Deadline exceeded : 67.0134
2012-02-24 14:28:31,293 [12] WARN  WPF.RealTime.Infrastructure.Tasks.Schedulers.PriorityTaskScheduler [(null)] <(null)> - Real-time Deadline exceeded : 62.0124
2012-02-24 14:28:31,353 [13] WARN  WPF.RealTime.Infrastructure.Tasks.Schedulers.PriorityTaskScheduler [(null)] <(null)> - Real-time Deadline exceeded : 59.0118
2012-02-24 14:28:31,417 [12] WARN  WPF.RealTime.Infrastructure.Tasks.Schedulers.PriorityTaskScheduler [(null)] <(null)> - Real-time Deadline exceeded : 63.0126
2012-02-24 14:28:31,481 [13] WARN  WPF.RealTime.Infrastructure.Tasks.Schedulers.PriorityTaskScheduler [(null)] <(null)> - Real-time Deadline exceeded : 64.0128
2012-02-24 14:28:31,543 [12] WARN  WPF.RealTime.Infrastructure.Tasks.Schedulers.PriorityTaskScheduler [(null)] <(null)> - Real-time Deadline exceeded : 63.0126
2012-02-24 14:28:31,606 [13] WARN  WPF.RealTime.Infrastructure.Tasks.Schedulers.PriorityTaskScheduler [(null)] <(null)> - Real-time Deadline exceeded : 64.0128
2012-02-24 14:28:31,667 [12] WARN  WPF.RealTime.Infrastructure.Tasks.Schedulers.PriorityTaskScheduler [(null)] <(null)> - Real-time Deadline exceeded : 61.0122
2012-02-24 14:28:31,728 [13] WARN  WPF.RealTime.Infrastructure.Tasks.Schedulers.PriorityTaskScheduler [(null)] <(null)> - Real-time Deadline exceeded : 62.0124
2012-02-24 14:28:31,789 [12] WARN  WPF.RealTime.Infrastructure.Tasks.Schedulers.PriorityTaskScheduler [(null)] <(null)> - Real-time Deadline exceeded : 60.012
2012-02-24 14:28:31,854 [13] WARN  WPF.RealTime.Infrastructure.Tasks.Schedulers.PriorityTaskScheduler [(null)] <(null)> - Real-time Deadline exceeded : 64.0128
2012-02-24 14:28:31,916 [12] WARN  WPF.RealTime.Infrastructure.Tasks.Schedulers.PriorityTaskScheduler [(null)] <(null)> - Real-time Deadline exceeded : 63.0126
2012-02-24 14:28:31,980 [13] WARN  WPF.RealTime.Infrastructure.Tasks.Schedulers.PriorityTaskScheduler [(null)] <(null)> - Real-time Deadline exceeded : 64.0128
2012-02-24 14:28:32,040 [12] WARN  WPF.RealTime.Infrastructure.Tasks.Schedulers.PriorityTaskScheduler [(null)] <(null)> - Real-time Deadline exceeded : 60.012
2012-02-24 14:28:32,103 [13] WARN  WPF.RealTime.Infrastructure.Tasks.Schedulers.PriorityTaskScheduler [(null)] <(null)> - Real-time Deadline exceeded : 63.0126
2012-02-24 14:28:32,166 [12] WARN  WPF.RealTime.Infrastructure.Tasks.Schedulers.PriorityTaskScheduler [(null)] <(null)> - Real-time Deadline exceeded : 63.0126
2012-02-24 14:28:32,230 [13] WARN  WPF.RealTime.Infrastructure.Tasks.Schedulers.PriorityTaskScheduler [(null)] <(null)> - Real-time Deadline exceeded : 64.0128
2012-02-24 14:28:32,290 [12] WARN  WPF.RealTime.Infrastructure.Tasks.Schedulers.PriorityTaskScheduler [(null)] <(null)> - Real-time Deadline exceeded : 60.012
2012-02-24 14:28:32,351 [12] WARN  WPF.RealTime.Infrastructure.Tasks.Schedulers.PriorityTaskScheduler [(null)] <(null)> - Real-time Deadline exceeded : 62.0124
2012-02-24 14:28:32,399 [23] WARN  Shell [(null)] <(null)> - Lost heartbeat from: Future Module
2012-02-24 14:28:32,399 [23] WARN  Shell [(null)] <(null)> - Lost heartbeat from: Bond Module
2012-02-24 14:28:32,413 [13] WARN  WPF.RealTime.Infrastructure.Tasks.Schedulers.PriorityTaskScheduler [(null)] <(null)> - Real-time Deadline exceeded : 61.0122
2012-02-24 14:28:32,476 [12] WARN  WPF.RealTime.Infrastructure.Tasks.Schedulers.PriorityTaskScheduler [(null)] <(null)> - Real-time Deadline exceeded : 61.0122
2012-02-24 14:28:32,538 [13] WARN  WPF.RealTime.Infrastructure.Tasks.Schedulers.PriorityTaskScheduler [(null)] <(null)> - Real-time Deadline exceeded : 54.0108
2012-02-24 14:28:32,604 [12] WARN  WPF.RealTime.Infrastructure.Tasks.Schedulers.PriorityTaskScheduler [(null)] <(null)> - Real-time Deadline exceeded : 65.013
2012-02-24 14:28:32,665 [13] WARN  WPF.RealTime.Infrastructure.Tasks.Schedulers.PriorityTaskScheduler [(null)] <(null)> - Real-time Deadline exceeded : 62.0124
2012-02-24 14:28:32,726 [12] WARN  WPF.RealTime.Infrastructure.Tasks.Schedulers.PriorityTaskScheduler [(null)] <(null)> - Real-time Deadline exceeded : 59.0118
2012-02-24 14:28:32,794 [13] WARN  WPF.RealTime.Infrastructure.Tasks.Schedulers.PriorityTaskScheduler [(null)] <(null)> - Real-time Deadline exceeded : 67.0134
2012-02-24 14:28:32,852 [12] WARN  WPF.RealTime.Infrastructure.Tasks.Schedulers.PriorityTaskScheduler [(null)] <(null)> - Real-time Deadline exceeded : 64.0128
2012-02-24 14:28:32,915 [13] WARN  WPF.RealTime.Infrastructure.Tasks.Schedulers.PriorityTaskScheduler [(null)] <(null)> - Real-time Deadline exceeded : 64.0128
2012-02-24 14:28:33,008 [12] WARN  WPF.RealTime.Infrastructure.Tasks.Schedulers.PriorityTaskScheduler [(null)] <(null)> - Real-time Deadline exceeded : 94.0188
2012-02-24 14:28:33,009 [10] INFO  WPF.RealTime.Infrastructure.Tasks.Schedulers.PriorityTaskScheduler [(null)] <(null)> - Sporadic jumped the queue at: 2/24/2012 6:28:33 AM
2012-02-24 14:28:33,256 [23] INFO  Shell [(null)] <(null)> - Dispatcher Operations In Queue 1, 
2012-02-24 14:28:33,445 [23] INFO  Future Module [(null)] <(null)> - Dispatcher Operations In Queue 160, 
2012-02-24 14:28:33,445 [19] INFO  Bond Module [(null)] <(null)> - Dispatcher Operations In Queue 9, 
2012-02-24 14:28:34,413 [23] WARN  Shell [(null)] <(null)> - Lost heartbeat from: Future Module
2012-02-24 14:28:34,413 [23] WARN  Shell [(null)] <(null)> - Lost heartbeat from: Bond Module
2012-02-24 14:28:34,664 [13] WARN  WPF.RealTime.Infrastructure.Tasks.Schedulers.PriorityTaskScheduler [(null)] <(null)> - Real-time Deadline exceeded : 95.019
2012-02-24 14:28:34,723 [12] WARN  WPF.RealTime.Infrastructure.Tasks.Schedulers.PriorityTaskScheduler [(null)] <(null)> - Real-time Deadline exceeded : 59.0118
2012-02-24 14:28:34,789 [14] WARN  WPF.RealTime.Infrastructure.Tasks.Schedulers.PriorityTaskScheduler [(null)] <(null)> - Real-time Deadline exceeded : 64.0128
2012-02-24 14:28:34,789 [14] WARN  WPF.RealTime.Infrastructure.Tasks.Schedulers.PriorityTaskScheduler [(null)] <(null)> - Real-time Deadline exceeded : 60.012
2012-02-24 14:28:34,850 [14] WARN  WPF.RealTime.Infrastructure.Tasks.Schedulers.PriorityTaskScheduler [(null)] <(null)> - Real-time Deadline exceeded : 64.0128
2012-02-24 14:28:34,850 [14] WARN  WPF.RealTime.Infrastructure.Tasks.Schedulers.PriorityTaskScheduler [(null)] <(null)> - Real-time Deadline exceeded : 61.0122
2012-02-24 14:28:34,916 [14] WARN  WPF.RealTime.Infrastructure.Tasks.Schedulers.PriorityTaskScheduler [(null)] <(null)> - Real-time Deadline exceeded : 66.0132
2012-02-24 14:28:34,916 [14] WARN  WPF.RealTime.Infrastructure.Tasks.Schedulers.PriorityTaskScheduler [(null)] <(null)> - Real-time Deadline exceeded : 64.0128
2012-02-24 14:28:34,974 [14] WARN  WPF.RealTime.Infrastructure.Tasks.Schedulers.PriorityTaskScheduler [(null)] <(null)> - Real-time Deadline exceeded : 62.0124
2012-02-24 14:28:34,974 [14] WARN  WPF.RealTime.Infrastructure.Tasks.Schedulers.PriorityTaskScheduler [(null)] <(null)> - Real-time Deadline exceeded : 58.0116
2012-02-24 14:28:35,038 [14] WARN  WPF.RealTime.Infrastructure.Tasks.Schedulers.PriorityTaskScheduler [(null)] <(null)> - Real-time Deadline exceeded : 65.013
2012-02-24 14:28:35,038 [14] WARN  WPF.RealTime.Infrastructure.Tasks.Schedulers.PriorityTaskScheduler [(null)] <(null)> - Real-time Deadline exceeded : 62.0124
2012-02-24 14:28:35,100 [14] WARN  WPF.RealTime.Infrastructure.Tasks.Schedulers.PriorityTaskScheduler [(null)] <(null)> - Real-time Deadline exceeded : 65.013
2012-02-24 14:28:35,100 [14] WARN  WPF.RealTime.Infrastructure.Tasks.Schedulers.PriorityTaskScheduler [(null)] <(null)> - Real-time Deadline exceeded : 62.0124
2012-02-24 14:28:35,162 [14] WARN  WPF.RealTime.Infrastructure.Tasks.Schedulers.PriorityTaskScheduler [(null)] <(null)> - Real-time Deadline exceeded : 64.0128
2012-02-24 14:28:35,163 [14] WARN  WPF.RealTime.Infrastructure.Tasks.Schedulers.PriorityTaskScheduler [(null)] <(null)> - Real-time Deadline exceeded : 62.0124
2012-02-24 14:28:35,223 [14] WARN  WPF.RealTime.Infrastructure.Tasks.Schedulers.PriorityTaskScheduler [(null)] <(null)> - Real-time Deadline exceeded : 63.0126
2012-02-24 14:28:35,223 [14] WARN  WPF.RealTime.Infrastructure.Tasks.Schedulers.PriorityTaskScheduler [(null)] <(null)> - Real-time Deadline exceeded : 61.0122
2012-02-24 14:28:35,285 [14] WARN  WPF.RealTime.Infrastructure.Tasks.Schedulers.PriorityTaskScheduler [(null)] <(null)> - Real-time Deadline exceeded : 63.0126
2012-02-24 14:28:35,285 [14] WARN  WPF.RealTime.Infrastructure.Tasks.Schedulers.PriorityTaskScheduler [(null)] <(null)> - Real-time Deadline exceeded : 53.0106
2012-02-24 14:28:35,351 [14] WARN  WPF.RealTime.Infrastructure.Tasks.Schedulers.PriorityTaskScheduler [(null)] <(null)> - Real-time Deadline exceeded : 65.013
2012-02-24 14:28:35,351 [14] WARN  WPF.RealTime.Infrastructure.Tasks.Schedulers.PriorityTaskScheduler [(null)] <(null)> - Real-time Deadline exceeded : 65.013
2012-02-24 14:28:35,413 [14] WARN  WPF.RealTime.Infrastructure.Tasks.Schedulers.PriorityTaskScheduler [(null)] <(null)> - Real-time Deadline exceeded : 64.0128
2012-02-24 14:28:35,413 [14] WARN  WPF.RealTime.Infrastructure.Tasks.Schedulers.PriorityTaskScheduler [(null)] <(null)> - Real-time Deadline exceeded : 62.0124
2012-02-24 14:28:35,475 [14] WARN  WPF.RealTime.Infrastructure.Tasks.Schedulers.PriorityTaskScheduler [(null)] <(null)> - Real-time Deadline exceeded : 64.0128
2012-02-24 14:28:35,475 [14] WARN  WPF.RealTime.Infrastructure.Tasks.Schedulers.PriorityTaskScheduler [(null)] <(null)> - Real-time Deadline exceeded : 62.0124
2012-02-24 14:28:35,536 [14] WARN  WPF.RealTime.Infrastructure.Tasks.Schedulers.PriorityTaskScheduler [(null)] <(null)> - Real-time Deadline exceeded : 63.0126
2012-02-24 14:28:35,537 [14] WARN  WPF.RealTime.Infrastructure.Tasks.Schedulers.PriorityTaskScheduler [(null)] <(null)> - Real-time Deadline exceeded : 62.0124
2012-02-24 14:28:35,598 [14] WARN  WPF.RealTime.Infrastructure.Tasks.Schedulers.PriorityTaskScheduler [(null)] <(null)> - Real-time Deadline exceeded : 63.0126
2012-02-24 14:28:35,598 [14] WARN  WPF.RealTime.Infrastructure.Tasks.Schedulers.PriorityTaskScheduler [(null)] <(null)> - Real-time Deadline exceeded : 62.0124
2012-02-24 14:28:35,662 [14] WARN  WPF.RealTime.Infrastructure.Tasks.Schedulers.PriorityTaskScheduler [(null)] <(null)> - Real-time Deadline exceeded : 66.0132
2012-02-24 14:28:35,662 [13] WARN  WPF.RealTime.Infrastructure.Tasks.Schedulers.PriorityTaskScheduler [(null)] <(null)> - Real-time Deadline exceeded : 65.013
2012-02-24 14:28:35,721 [11] WARN  WPF.RealTime.Infrastructure.Tasks.Schedulers.PriorityTaskScheduler [(null)] <(null)> - Real-time Deadline exceeded : 60.012
2012-02-24 14:28:35,721 [11] WARN  WPF.RealTime.Infrastructure.Tasks.Schedulers.PriorityTaskScheduler [(null)] <(null)> - Real-time Deadline exceeded : 57.0114
2012-02-24 14:28:35,786 [11] WARN  WPF.RealTime.Infrastructure.Tasks.Schedulers.PriorityTaskScheduler [(null)] <(null)> - Real-time Deadline exceeded : 65.013
2012-02-24 14:28:35,786 [11] WARN  WPF.RealTime.Infrastructure.Tasks.Schedulers.PriorityTaskScheduler [(null)] <(null)> - Real-time Deadline exceeded : 65.013
2012-02-24 14:28:35,848 [11] WARN  WPF.RealTime.Infrastructure.Tasks.Schedulers.PriorityTaskScheduler [(null)] <(null)> - Real-time Deadline exceeded : 64.0128
2012-02-24 14:28:35,848 [14] WARN  WPF.RealTime.Infrastructure.Tasks.Schedulers.PriorityTaskScheduler [(null)] <(null)> - Real-time Deadline exceeded : 62.0124
2012-02-24 14:28:35,915 [13] WARN  WPF.RealTime.Infrastructure.Tasks.Schedulers.PriorityTaskScheduler [(null)] <(null)> - Real-time Deadline exceeded : 69.0138
2012-02-24 14:28:35,915 [13] WARN  WPF.RealTime.Infrastructure.Tasks.Schedulers.PriorityTaskScheduler [(null)] <(null)> - Real-time Deadline exceeded : 68.0136
2012-02-24 14:28:35,974 [14] WARN  WPF.RealTime.Infrastructure.Tasks.Schedulers.PriorityTaskScheduler [(null)] <(null)> - Real-time Deadline exceeded : 61.0122
2012-02-24 14:28:35,974 [14] WARN  WPF.RealTime.Infrastructure.Tasks.Schedulers.PriorityTaskScheduler [(null)] <(null)> - Real-time Deadline exceeded : 60.012
2012-02-24 14:28:36,035 [14] WARN  WPF.RealTime.Infrastructure.Tasks.Schedulers.PriorityTaskScheduler [(null)] <(null)> - Real-time Deadline exceeded : 60.012
2012-02-24 14:28:36,035 [12] WARN  WPF.RealTime.Infrastructure.Tasks.Schedulers.PriorityTaskScheduler [(null)] <(null)> - Real-time Deadline exceeded : 60.012
2012-02-24 14:28:36,097 [14] WARN  WPF.RealTime.Infrastructure.Tasks.Schedulers.PriorityTaskScheduler [(null)] <(null)> - Real-time Deadline exceeded : 62.0124
2012-02-24 14:28:36,097 [14] WARN  WPF.RealTime.Infrastructure.Tasks.Schedulers.PriorityTaskScheduler [(null)] <(null)> - Real-time Deadline exceeded : 62.0124
2012-02-24 14:28:36,160 [14] WARN  WPF.RealTime.Infrastructure.Tasks.Schedulers.PriorityTaskScheduler [(null)] <(null)> - Real-time Deadline exceeded : 62.0124
2012-02-24 14:28:36,160 [14] WARN  WPF.RealTime.Infrastructure.Tasks.Schedulers.PriorityTaskScheduler [(null)] <(null)> - Real-time Deadline exceeded : 62.0124
2012-02-24 14:28:36,222 [14] WARN  WPF.RealTime.Infrastructure.Tasks.Schedulers.PriorityTaskScheduler [(null)] <(null)> - Real-time Deadline exceeded : 61.0122
2012-02-24 14:28:36,222 [14] WARN  WPF.RealTime.Infrastructure.Tasks.Schedulers.PriorityTaskScheduler [(null)] <(null)> - Real-time Deadline exceeded : 59.0118
2012-02-24 14:28:36,286 [14] WARN  WPF.RealTime.Infrastructure.Tasks.Schedulers.PriorityTaskScheduler [(null)] <(null)> - Real-time Deadline exceeded : 61.0122
2012-02-24 14:28:36,286 [13] WARN  WPF.RealTime.Infrastructure.Tasks.Schedulers.PriorityTaskScheduler [(null)] <(null)> - Real-time Deadline exceeded : 63.0126
2012-02-24 14:28:36,405 [14] WARN  WPF.RealTime.Infrastructure.Tasks.Schedulers.PriorityTaskScheduler [(null)] <(null)> - Real-time Deadline exceeded : 121.0242
2012-02-24 14:28:36,407 [13] WARN  WPF.RealTime.Infrastructure.Tasks.Schedulers.PriorityTaskScheduler [(null)] <(null)> - Real-time Deadline exceeded : 121.0242
2012-02-24 14:28:36,423 [18] WARN  Shell [(null)] <(null)> - Lost heartbeat from: Future Module
2012-02-24 14:28:36,423 [18] WARN  Shell [(null)] <(null)> - Lost heartbeat from: Bond Module
2012-02-24 14:28:36,533 [14] WARN  WPF.RealTime.Infrastructure.Tasks.Schedulers.PriorityTaskScheduler [(null)] <(null)> - Real-time Deadline exceeded : 59.0118
2012-02-24 14:28:36,533 [14] WARN  WPF.RealTime.Infrastructure.Tasks.Schedulers.PriorityTaskScheduler [(null)] <(null)> - Real-time Deadline exceeded : 59.0118
2012-02-24 14:28:36,598 [14] WARN  WPF.RealTime.Infrastructure.Tasks.Schedulers.PriorityTaskScheduler [(null)] <(null)> - Real-time Deadline exceeded : 64.0128
2012-02-24 14:28:36,598 [14] WARN  WPF.RealTime.Infrastructure.Tasks.Schedulers.PriorityTaskScheduler [(null)] <(null)> - Real-time Deadline exceeded : 62.0124
2012-02-24 14:28:36,659 [13] WARN  WPF.RealTime.Infrastructure.Tasks.Schedulers.PriorityTaskScheduler [(null)] <(null)> - Real-time Deadline exceeded : 59.0118
2012-02-24 14:28:36,659 [13] WARN  WPF.RealTime.Infrastructure.Tasks.Schedulers.PriorityTaskScheduler [(null)] <(null)> - Real-time Deadline exceeded : 59.0118
2012-02-24 14:28:36,719 [13] WARN  WPF.RealTime.Infrastructure.Tasks.Schedulers.PriorityTaskScheduler [(null)] <(null)> - Real-time Deadline exceeded : 58.0116
2012-02-24 14:28:36,854 [14] WARN  WPF.RealTime.Infrastructure.Tasks.Schedulers.PriorityTaskScheduler [(null)] <(null)> - Real-time Deadline exceeded : 115.023
2012-02-24 14:28:36,854 [10] INFO  WPF.RealTime.Infrastructure.Tasks.Schedulers.PriorityTaskScheduler [(null)] <(null)> - Sporadic jumped the queue at: 2/24/2012 6:28:36 AM
2012-02-24 14:28:36,854 [11] WARN  WPF.RealTime.Infrastructure.Tasks.Schedulers.PriorityTaskScheduler [(null)] <(null)> - Real-time Deadline exceeded : 115.023
2012-02-24 14:28:36,910 [14] WARN  WPF.RealTime.Infrastructure.Tasks.Schedulers.PriorityTaskScheduler [(null)] <(null)> - Real-time Deadline exceeded : 55.011
2012-02-24 14:28:36,969 [13] WARN  WPF.RealTime.Infrastructure.Tasks.Schedulers.PriorityTaskScheduler [(null)] <(null)> - Real-time Deadline exceeded : 59.0118
2012-02-24 14:28:36,969 [13] WARN  WPF.RealTime.Infrastructure.Tasks.Schedulers.PriorityTaskScheduler [(null)] <(null)> - Real-time Deadline exceeded : 59.0118
2012-02-24 14:28:37,032 [13] WARN  WPF.RealTime.Infrastructure.Tasks.Schedulers.PriorityTaskScheduler [(null)] <(null)> - Real-time Deadline exceeded : 62.0124
2012-02-24 14:28:37,033 [13] WARN  WPF.RealTime.Infrastructure.Tasks.Schedulers.PriorityTaskScheduler [(null)] <(null)> - Real-time Deadline exceeded : 61.0122
2012-02-24 14:28:37,095 [13] WARN  WPF.RealTime.Infrastructure.Tasks.Schedulers.PriorityTaskScheduler [(null)] <(null)> - Real-time Deadline exceeded : 63.0126
2012-02-24 14:28:37,095 [13] WARN  WPF.RealTime.Infrastructure.Tasks.Schedulers.PriorityTaskScheduler [(null)] <(null)> - Real-time Deadline exceeded : 63.0126
2012-02-24 14:28:37,157 [13] WARN  WPF.RealTime.Infrastructure.Tasks.Schedulers.PriorityTaskScheduler [(null)] <(null)> - Real-time Deadline exceeded : 60.012
2012-02-24 14:28:37,158 [13] WARN  WPF.RealTime.Infrastructure.Tasks.Schedulers.PriorityTaskScheduler [(null)] <(null)> - Real-time Deadline exceeded : 60.012
2012-02-24 14:28:37,221 [13] WARN  WPF.RealTime.Infrastructure.Tasks.Schedulers.PriorityTaskScheduler [(null)] <(null)> - Real-time Deadline exceeded : 61.0122
2012-02-24 14:28:37,221 [13] WARN  WPF.RealTime.Infrastructure.Tasks.Schedulers.PriorityTaskScheduler [(null)] <(null)> - Real-time Deadline exceeded : 58.0116
2012-02-24 14:28:37,281 [13] WARN  WPF.RealTime.Infrastructure.Tasks.Schedulers.PriorityTaskScheduler [(null)] <(null)> - Real-time Deadline exceeded : 58.0116
2012-02-24 14:28:37,281 [13] WARN  WPF.RealTime.Infrastructure.Tasks.Schedulers.PriorityTaskScheduler [(null)] <(null)> - Real-time Deadline exceeded : 56.0112
2012-02-24 14:28:37,344 [13] WARN  WPF.RealTime.Infrastructure.Tasks.Schedulers.PriorityTaskScheduler [(null)] <(null)> - Real-time Deadline exceeded : 62.0124
2012-02-24 14:28:37,344 [13] WARN  WPF.RealTime.Infrastructure.Tasks.Schedulers.PriorityTaskScheduler [(null)] <(null)> - Real-time Deadline exceeded : 62.0124
2012-02-24 14:28:37,471 [13] WARN  WPF.RealTime.Infrastructure.Tasks.Schedulers.PriorityTaskScheduler [(null)] <(null)> - Real-time Deadline exceeded : 126.0252
2012-02-24 14:28:37,472 [12] WARN  WPF.RealTime.Infrastructure.Tasks.Schedulers.PriorityTaskScheduler [(null)] <(null)> - Real-time Deadline exceeded : 125.025
2012-02-24 14:28:37,532 [13] WARN  WPF.RealTime.Infrastructure.Tasks.Schedulers.PriorityTaskScheduler [(null)] <(null)> - Real-time Deadline exceeded : 59.0118
2012-02-24 14:28:37,532 [13] WARN  WPF.RealTime.Infrastructure.Tasks.Schedulers.PriorityTaskScheduler [(null)] <(null)> - Real-time Deadline exceeded : 58.0116
2012-02-24 14:28:37,594 [13] WARN  WPF.RealTime.Infrastructure.Tasks.Schedulers.PriorityTaskScheduler [(null)] <(null)> - Real-time Deadline exceeded : 61.0122
2012-02-24 14:28:37,594 [13] WARN  WPF.RealTime.Infrastructure.Tasks.Schedulers.PriorityTaskScheduler [(null)] <(null)> - Real-time Deadline exceeded : 60.012
2012-02-24 14:28:37,656 [13] WARN  WPF.RealTime.Infrastructure.Tasks.Schedulers.PriorityTaskScheduler [(null)] <(null)> - Real-time Deadline exceeded : 62.0124
2012-02-24 14:28:37,656 [13] WARN  WPF.RealTime.Infrastructure.Tasks.Schedulers.PriorityTaskScheduler [(null)] <(null)> - Real-time Deadline exceeded : 60.012
2012-02-24 14:28:37,720 [14] WARN  WPF.RealTime.Infrastructure.Tasks.Schedulers.PriorityTaskScheduler [(null)] <(null)> - Real-time Deadline exceeded : 63.0126
2012-02-24 14:28:37,720 [14] WARN  WPF.RealTime.Infrastructure.Tasks.Schedulers.PriorityTaskScheduler [(null)] <(null)> - Real-time Deadline exceeded : 62.0124
2012-02-24 14:28:37,781 [13] WARN  WPF.RealTime.Infrastructure.Tasks.Schedulers.PriorityTaskScheduler [(null)] <(null)> - Real-time Deadline exceeded : 60.012
2012-02-24 14:28:37,781 [13] WARN  WPF.RealTime.Infrastructure.Tasks.Schedulers.PriorityTaskScheduler [(null)] <(null)> - Real-time Deadline exceeded : 59.0118
2012-02-24 14:28:37,846 [14] WARN  WPF.RealTime.Infrastructure.Tasks.Schedulers.PriorityTaskScheduler [(null)] <(null)> - Real-time Deadline exceeded : 63.0126
2012-02-24 14:28:37,846 [14] WARN  WPF.RealTime.Infrastructure.Tasks.Schedulers.PriorityTaskScheduler [(null)] <(null)> - Real-time Deadline exceeded : 62.0124
2012-02-24 14:28:37,907 [13] WARN  WPF.RealTime.Infrastructure.Tasks.Schedulers.PriorityTaskScheduler [(null)] <(null)> - Real-time Deadline exceeded : 59.0118
2012-02-24 14:28:37,907 [13] WARN  WPF.RealTime.Infrastructure.Tasks.Schedulers.PriorityTaskScheduler [(null)] <(null)> - Real-time Deadline exceeded : 59.0118
2012-02-24 14:28:37,968 [13] WARN  WPF.RealTime.Infrastructure.Tasks.Schedulers.PriorityTaskScheduler [(null)] <(null)> - Real-time Deadline exceeded : 60.012
2012-02-24 14:28:37,968 [13] WARN  WPF.RealTime.Infrastructure.Tasks.Schedulers.PriorityTaskScheduler [(null)] <(null)> - Real-time Deadline exceeded : 59.0118
2012-02-24 14:28:38,032 [13] WARN  WPF.RealTime.Infrastructure.Tasks.Schedulers.PriorityTaskScheduler [(null)] <(null)> - Real-time Deadline exceeded : 51.0102
2012-02-24 14:28:38,032 [13] WARN  WPF.RealTime.Infrastructure.Tasks.Schedulers.PriorityTaskScheduler [(null)] <(null)> - Real-time Deadline exceeded : 50.01
2012-02-24 14:28:38,094 [13] WARN  WPF.RealTime.Infrastructure.Tasks.Schedulers.PriorityTaskScheduler [(null)] <(null)> - Real-time Deadline exceeded : 60.012
2012-02-24 14:28:38,094 [13] WARN  WPF.RealTime.Infrastructure.Tasks.Schedulers.PriorityTaskScheduler [(null)] <(null)> - Real-time Deadline exceeded : 59.0118
2012-02-24 14:28:38,151 [10] INFO  WPF.RealTime.Infrastructure.Tasks.Schedulers.PriorityTaskScheduler [(null)] <(null)> - Sporadic jumped the queue at: 2/24/2012 6:28:38 AM
2012-02-24 14:28:38,155 [13] WARN  WPF.RealTime.Infrastructure.Tasks.Schedulers.PriorityTaskScheduler [(null)] <(null)> - Real-time Deadline exceeded : 60.012
2012-02-24 14:28:38,157 [11] WARN  WPF.RealTime.Infrastructure.Tasks.Schedulers.PriorityTaskScheduler [(null)] <(null)> - Real-time Deadline exceeded : 60.012
2012-02-24 14:28:38,217 [13] WARN  WPF.RealTime.Infrastructure.Tasks.Schedulers.PriorityTaskScheduler [(null)] <(null)> - Real-time Deadline exceeded : 61.0122
2012-02-24 14:28:38,217 [13] WARN  WPF.RealTime.Infrastructure.Tasks.Schedulers.PriorityTaskScheduler [(null)] <(null)> - Real-time Deadline exceeded : 59.0118
2012-02-24 14:28:38,254 [20] INFO  Shell [(null)] <(null)> - Dispatcher Operations In Queue 1, 
2012-02-24 14:28:38,280 [11] WARN  WPF.RealTime.Infrastructure.Tasks.Schedulers.PriorityTaskScheduler [(null)] <(null)> - Real-time Deadline exceeded : 62.0124
2012-02-24 14:28:38,280 [11] WARN  WPF.RealTime.Infrastructure.Tasks.Schedulers.PriorityTaskScheduler [(null)] <(null)> - Real-time Deadline exceeded : 60.012
2012-02-24 14:28:38,346 [14] WARN  WPF.RealTime.Infrastructure.Tasks.Schedulers.PriorityTaskScheduler [(null)] <(null)> - Real-time Deadline exceeded : 63.0126
2012-02-24 14:28:38,346 [11] WARN  WPF.RealTime.Infrastructure.Tasks.Schedulers.PriorityTaskScheduler [(null)] <(null)> - Real-time Deadline exceeded : 65.013
2012-02-24 14:28:38,405 [14] WARN  WPF.RealTime.Infrastructure.Tasks.Schedulers.PriorityTaskScheduler [(null)] <(null)> - Real-time Deadline exceeded : 61.0122
2012-02-24 14:28:38,405 [14] WARN  WPF.RealTime.Infrastructure.Tasks.Schedulers.PriorityTaskScheduler [(null)] <(null)> - Real-time Deadline exceeded : 60.012
2012-02-24 14:28:38,437 [20] INFO  Future Module [(null)] <(null)> - Dispatcher Operations In Queue 238, 
2012-02-24 14:28:38,437 [21] WARN  Shell [(null)] <(null)> - Lost heartbeat from: Future Module
2012-02-24 14:28:38,441 [18] INFO  Bond Module [(null)] <(null)> - Dispatcher Operations In Queue 67, 
2012-02-24 14:28:38,470 [13] WARN  WPF.RealTime.Infrastructure.Tasks.Schedulers.PriorityTaskScheduler [(null)] <(null)> - Real-time Deadline exceeded : 64.0128
2012-02-24 14:28:38,472 [11] WARN  WPF.RealTime.Infrastructure.Tasks.Schedulers.PriorityTaskScheduler [(null)] <(null)> - Real-time Deadline exceeded : 65.013
2012-02-24 14:28:38,472 [21] WARN  Shell [(null)] <(null)> - Lost heartbeat from: Bond Module
2012-02-24 14:28:38,531 [11] WARN  WPF.RealTime.Infrastructure.Tasks.Schedulers.PriorityTaskScheduler [(null)] <(null)> - Real-time Deadline exceeded : 59.0118
2012-02-24 14:28:38,532 [14] WARN  WPF.RealTime.Infrastructure.Tasks.Schedulers.PriorityTaskScheduler [(null)] <(null)> - Real-time Deadline exceeded : 59.0118
2012-02-24 14:28:38,596 [12] WARN  WPF.RealTime.Infrastructure.Tasks.Schedulers.PriorityTaskScheduler [(null)] <(null)> - Real-time Deadline exceeded : 64.0128
2012-02-24 14:28:38,597 [13] WARN  WPF.RealTime.Infrastructure.Tasks.Schedulers.PriorityTaskScheduler [(null)] <(null)> - Real-time Deadline exceeded : 59.0118
2012-02-24 14:28:38,671 [14] WARN  WPF.RealTime.Infrastructure.Tasks.Schedulers.PriorityTaskScheduler [(null)] <(null)> - Real-time Deadline exceeded : 75.015
2012-02-24 14:28:38,671 [11] WARN  WPF.RealTime.Infrastructure.Tasks.Schedulers.PriorityTaskScheduler [(null)] <(null)> - Real-time Deadline exceeded : 77.0154
2012-02-24 14:28:38,718 [12] WARN  WPF.RealTime.Infrastructure.Tasks.Schedulers.PriorityTaskScheduler [(null)] <(null)> - Real-time Deadline exceeded : 63.0126
2012-02-24 14:28:38,718 [13] WARN  WPF.RealTime.Infrastructure.Tasks.Schedulers.PriorityTaskScheduler [(null)] <(null)> - Real-time Deadline exceeded : 63.0126
2012-02-24 14:28:38,786 [12] WARN  WPF.RealTime.Infrastructure.Tasks.Schedulers.PriorityTaskScheduler [(null)] <(null)> - Real-time Deadline exceeded : 67.0134
2012-02-24 14:28:38,786 [14] WARN  WPF.RealTime.Infrastructure.Tasks.Schedulers.PriorityTaskScheduler [(null)] <(null)> - Real-time Deadline exceeded : 66.0132
2012-02-24 14:28:38,845 [11] WARN  WPF.RealTime.Infrastructure.Tasks.Schedulers.PriorityTaskScheduler [(null)] <(null)> - Real-time Deadline exceeded : 62.0124
2012-02-24 14:28:38,871 [13] WARN  WPF.RealTime.Infrastructure.Tasks.Schedulers.PriorityTaskScheduler [(null)] <(null)> - Real-time Deadline exceeded : 85.017
2012-02-24 14:28:38,904 [12] WARN  WPF.RealTime.Infrastructure.Tasks.Schedulers.PriorityTaskScheduler [(null)] <(null)> - Real-time Deadline exceeded : 60.012
2012-02-24 14:28:38,904 [12] WARN  WPF.RealTime.Infrastructure.Tasks.Schedulers.PriorityTaskScheduler [(null)] <(null)> - Real-time Deadline exceeded : 59.0118
2012-02-24 14:28:38,966 [13] WARN  WPF.RealTime.Infrastructure.Tasks.Schedulers.PriorityTaskScheduler [(null)] <(null)> - Real-time Deadline exceeded : 60.012
2012-02-24 14:28:38,967 [11] WARN  WPF.RealTime.Infrastructure.Tasks.Schedulers.PriorityTaskScheduler [(null)] <(null)> - Real-time Deadline exceeded : 60.012
2012-02-24 14:28:39,028 [14] WARN  WPF.RealTime.Infrastructure.Tasks.Schedulers.PriorityTaskScheduler [(null)] <(null)> - Real-time Deadline exceeded : 59.0118
2012-02-24 14:28:39,071 [12] WARN  WPF.RealTime.Infrastructure.Tasks.Schedulers.PriorityTaskScheduler [(null)] <(null)> - Real-time Deadline exceeded : 99.0198
2012-02-24 14:28:39,093 [13] WARN  WPF.RealTime.Infrastructure.Tasks.Schedulers.PriorityTaskScheduler [(null)] <(null)> - Real-time Deadline exceeded : 64.0128
2012-02-24 14:28:39,093 [13] WARN  WPF.RealTime.Infrastructure.Tasks.Schedulers.PriorityTaskScheduler [(null)] <(null)> - Real-time Deadline exceeded : 62.0124
2012-02-24 14:28:39,155 [11] WARN  WPF.RealTime.Infrastructure.Tasks.Schedulers.PriorityTaskScheduler [(null)] <(null)> - Real-time Deadline exceeded : 60.012
2012-02-24 14:28:39,156 [14] WARN  WPF.RealTime.Infrastructure.Tasks.Schedulers.PriorityTaskScheduler [(null)] <(null)> - Real-time Deadline exceeded : 60.012
2012-02-24 14:28:39,215 [12] WARN  WPF.RealTime.Infrastructure.Tasks.Schedulers.PriorityTaskScheduler [(null)] <(null)> - Real-time Deadline exceeded : 59.0118
2012-02-24 14:28:39,271 [13] WARN  WPF.RealTime.Infrastructure.Tasks.Schedulers.PriorityTaskScheduler [(null)] <(null)> - Real-time Deadline exceeded : 112.0224
2012-02-24 14:28:39,279 [14] WARN  WPF.RealTime.Infrastructure.Tasks.Schedulers.PriorityTaskScheduler [(null)] <(null)> - Real-time Deadline exceeded : 62.0124
2012-02-24 14:28:39,302 [12] WARN  WPF.RealTime.Infrastructure.Tasks.Schedulers.PriorityTaskScheduler [(null)] <(null)> - Real-time Deadline exceeded : 85.017
2012-02-24 14:28:40,450 [22] WARN  Shell [(null)] <(null)> - Lost heartbeat from: Future Module
2012-02-24 14:28:40,450 [22] WARN  Shell [(null)] <(null)> - Lost heartbeat from: Bond Module
2012-02-24 14:28:41,451 [10] INFO  WPF.RealTime.Infrastructure.Tasks.Schedulers.PriorityTaskScheduler [(null)] <(null)> - Sporadic jumped the queue at: 2/24/2012 6:28:41 AM
2012-02-24 14:28:42,463 [22] WARN  Shell [(null)] <(null)> - Lost heartbeat from: Future Module
2012-02-24 14:28:42,463 [22] WARN  Shell [(null)] <(null)> - Lost heartbeat from: Bond Module
2012-02-24 14:28:42,959 [12] WARN  WPF.RealTime.Infrastructure.Tasks.Schedulers.PriorityTaskScheduler [(null)] <(null)> - Real-time Deadline exceeded : 105.021
2012-02-24 14:28:43,024 [14] WARN  WPF.RealTime.Infrastructure.Tasks.Schedulers.PriorityTaskScheduler [(null)] <(null)> - Real-time Deadline exceeded : 62.0124
2012-02-24 14:28:43,086 [11] WARN  WPF.RealTime.Infrastructure.Tasks.Schedulers.PriorityTaskScheduler [(null)] <(null)> - Real-time Deadline exceeded : 61.0122
2012-02-24 14:28:43,087 [11] WARN  WPF.RealTime.Infrastructure.Tasks.Schedulers.PriorityTaskScheduler [(null)] <(null)> - Real-time Deadline exceeded : 60.012
2012-02-24 14:28:43,150 [13] WARN  WPF.RealTime.Infrastructure.Tasks.Schedulers.PriorityTaskScheduler [(null)] <(null)> - Real-time Deadline exceeded : 58.0116
2012-02-24 14:28:43,150 [11] WARN  WPF.RealTime.Infrastructure.Tasks.Schedulers.PriorityTaskScheduler [(null)] <(null)> - Real-time Deadline exceeded : 62.0124
2012-02-24 14:28:43,210 [11] WARN  WPF.RealTime.Infrastructure.Tasks.Schedulers.PriorityTaskScheduler [(null)] <(null)> - Real-time Deadline exceeded : 56.0112
2012-02-24 14:28:43,210 [14] WARN  WPF.RealTime.Infrastructure.Tasks.Schedulers.PriorityTaskScheduler [(null)] <(null)> - Real-time Deadline exceeded : 59.0118
2012-02-24 14:28:43,241 [18] INFO  Shell [(null)] <(null)> - Dispatcher Operations In Queue 1, 
2012-02-24 14:28:43,274 [12] WARN  WPF.RealTime.Infrastructure.Tasks.Schedulers.PriorityTaskScheduler [(null)] <(null)> - Real-time Deadline exceeded : 62.0124
2012-02-24 14:28:43,274 [14] WARN  WPF.RealTime.Infrastructure.Tasks.Schedulers.PriorityTaskScheduler [(null)] <(null)> - Real-time Deadline exceeded : 58.0116
2012-02-24 14:28:43,445 [21] INFO  Bond Module [(null)] <(null)> - Dispatcher Operations In Queue 148, 
2012-02-24 14:28:43,445 [23] INFO  Future Module [(null)] <(null)> - Dispatcher Operations In Queue 320, 
2012-02-24 14:28:43,445 [23] INFO  Future Module [(null)] <(null)> - Pushing all Dispatcher operations
2012-02-24 14:28:44,545 [22] WARN  Shell [(null)] <(null)> - Lost heartbeat from: Future Module
2012-02-24 14:28:44,545 [11] WARN  WPF.RealTime.Infrastructure.Tasks.Schedulers.PriorityTaskScheduler [(null)] <(null)> - Real-time Deadline exceeded : 116.0232
2012-02-24 14:28:44,545 [12] WARN  WPF.RealTime.Infrastructure.Tasks.Schedulers.PriorityTaskScheduler [(null)] <(null)> - Real-time Deadline exceeded : 114.0228
2012-02-24 14:28:44,545 [22] WARN  Shell [(null)] <(null)> - Lost heartbeat from: Bond Module
2012-02-24 14:28:46,489 [22] WARN  Shell [(null)] <(null)> - Lost heartbeat from: Future Module
2012-02-24 14:28:47,831 [14] WARN  WPF.RealTime.Infrastructure.Tasks.Schedulers.PriorityTaskScheduler [(null)] <(null)> - Real-time Deadline exceeded : 56.0112
2012-02-24 14:28:47,890 [12] WARN  WPF.RealTime.Infrastructure.Tasks.Schedulers.PriorityTaskScheduler [(null)] <(null)> - Real-time Deadline exceeded : 54.0108
2012-02-24 14:28:47,955 [14] WARN  WPF.RealTime.Infrastructure.Tasks.Schedulers.PriorityTaskScheduler [(null)] <(null)> - Real-time Deadline exceeded : 62.0124
2012-02-24 14:28:48,015 [14] WARN  WPF.RealTime.Infrastructure.Tasks.Schedulers.PriorityTaskScheduler [(null)] <(null)> - Real-time Deadline exceeded : 56.0112
2012-02-24 14:28:48,078 [14] WARN  WPF.RealTime.Infrastructure.Tasks.Schedulers.PriorityTaskScheduler [(null)] <(null)> - Real-time Deadline exceeded : 60.012
2012-02-24 14:28:48,143 [14] WARN  WPF.RealTime.Infrastructure.Tasks.Schedulers.PriorityTaskScheduler [(null)] <(null)> - Real-time Deadline exceeded : 62.0124
2012-02-24 14:28:48,204 [14] WARN  WPF.RealTime.Infrastructure.Tasks.Schedulers.PriorityTaskScheduler [(null)] <(null)> - Real-time Deadline exceeded : 57.0114
2012-02-24 14:28:48,255 [22] INFO  Shell [(null)] <(null)> - Dispatcher Operations In Queue 1, 
2012-02-24 14:28:48,267 [12] WARN  WPF.RealTime.Infrastructure.Tasks.Schedulers.PriorityTaskScheduler [(null)] <(null)> - Real-time Deadline exceeded : 59.0118
2012-02-24 14:28:48,327 [12] WARN  WPF.RealTime.Infrastructure.Tasks.Schedulers.PriorityTaskScheduler [(null)] <(null)> - Real-time Deadline exceeded : 56.0112
2012-02-24 14:28:48,391 [14] WARN  WPF.RealTime.Infrastructure.Tasks.Schedulers.PriorityTaskScheduler [(null)] <(null)> - Real-time Deadline exceeded : 60.012
2012-02-24 14:28:48,513 [15] INFO  Bond Module [(null)] <(null)> - Dispatcher Operations In Queue 228, 
2012-02-24 14:28:48,513 [23] INFO  Future Module [(null)] <(null)> - Dispatcher Operations In Queue 81, 
2012-02-24 14:28:48,513 [14] WARN  WPF.RealTime.Infrastructure.Tasks.Schedulers.PriorityTaskScheduler [(null)] <(null)> - Real-time Deadline exceeded : 109.0218
2012-02-24 14:28:48,578 [11] WARN  WPF.RealTime.Infrastructure.Tasks.Schedulers.PriorityTaskScheduler [(null)] <(null)> - Real-time Deadline exceeded : 64.0128
2012-02-24 14:28:48,578 [13] WARN  WPF.RealTime.Infrastructure.Tasks.Schedulers.PriorityTaskScheduler [(null)] <(null)> - Real-time Deadline exceeded : 62.0124
2012-02-24 14:28:48,578 [11] WARN  WPF.RealTime.Infrastructure.Tasks.Schedulers.PriorityTaskScheduler [(null)] <(null)> - Real-time Deadline exceeded : 60.012
2012-02-24 14:28:48,641 [13] WARN  WPF.RealTime.Infrastructure.Tasks.Schedulers.PriorityTaskScheduler [(null)] <(null)> - Real-time Deadline exceeded : 61.0122
2012-02-24 14:28:48,641 [13] WARN  WPF.RealTime.Infrastructure.Tasks.Schedulers.PriorityTaskScheduler [(null)] <(null)> - Real-time Deadline exceeded : 59.0118
2012-02-24 14:28:48,705 [14] WARN  WPF.RealTime.Infrastructure.Tasks.Schedulers.PriorityTaskScheduler [(null)] <(null)> - Real-time Deadline exceeded : 62.0124
2012-02-24 14:28:48,705 [11] WARN  WPF.RealTime.Infrastructure.Tasks.Schedulers.PriorityTaskScheduler [(null)] <(null)> - Real-time Deadline exceeded : 58.0116
2012-02-24 14:28:48,767 [14] WARN  WPF.RealTime.Infrastructure.Tasks.Schedulers.PriorityTaskScheduler [(null)] <(null)> - Real-time Deadline exceeded : 62.0124
2012-02-24 14:28:48,828 [14] WARN  WPF.RealTime.Infrastructure.Tasks.Schedulers.PriorityTaskScheduler [(null)] <(null)> - Real-time Deadline exceeded : 56.0112
2012-02-24 14:28:48,889 [14] WARN  WPF.RealTime.Infrastructure.Tasks.Schedulers.PriorityTaskScheduler [(null)] <(null)> - Real-time Deadline exceeded : 60.012
2012-02-24 14:28:48,953 [12] WARN  WPF.RealTime.Infrastructure.Tasks.Schedulers.PriorityTaskScheduler [(null)] <(null)> - Real-time Deadline exceeded : 60.012
2012-02-24 14:28:49,018 [12] WARN  WPF.RealTime.Infrastructure.Tasks.Schedulers.PriorityTaskScheduler [(null)] <(null)> - Real-time Deadline exceeded : 63.0126
2012-02-24 14:28:49,076 [14] WARN  WPF.RealTime.Infrastructure.Tasks.Schedulers.PriorityTaskScheduler [(null)] <(null)> - Real-time Deadline exceeded : 59.0118
2012-02-24 14:28:49,139 [14] WARN  WPF.RealTime.Infrastructure.Tasks.Schedulers.PriorityTaskScheduler [(null)] <(null)> - Real-time Deadline exceeded : 60.012
2012-02-24 14:28:49,201 [12] WARN  WPF.RealTime.Infrastructure.Tasks.Schedulers.PriorityTaskScheduler [(null)] <(null)> - Real-time Deadline exceeded : 61.0122
2012-02-24 14:28:49,264 [13] WARN  WPF.RealTime.Infrastructure.Tasks.Schedulers.PriorityTaskScheduler [(null)] <(null)> - Real-time Deadline exceeded : 62.0124
2012-02-24 14:28:49,327 [13] WARN  WPF.RealTime.Infrastructure.Tasks.Schedulers.PriorityTaskScheduler [(null)] <(null)> - Real-time Deadline exceeded : 62.0124
2012-02-24 14:28:49,388 [14] WARN  WPF.RealTime.Infrastructure.Tasks.Schedulers.PriorityTaskScheduler [(null)] <(null)> - Real-time Deadline exceeded : 60.012
2012-02-24 14:28:49,450 [14] WARN  WPF.RealTime.Infrastructure.Tasks.Schedulers.PriorityTaskScheduler [(null)] <(null)> - Real-time Deadline exceeded : 61.0122
2012-02-24 14:28:49,519 [12] WARN  WPF.RealTime.Infrastructure.Tasks.Schedulers.PriorityTaskScheduler [(null)] <(null)> - Real-time Deadline exceeded : 68.0136
2012-02-24 14:28:49,577 [12] WARN  WPF.RealTime.Infrastructure.Tasks.Schedulers.PriorityTaskScheduler [(null)] <(null)> - Real-time Deadline exceeded : 57.0114
2012-02-24 14:28:49,638 [13] WARN  WPF.RealTime.Infrastructure.Tasks.Schedulers.PriorityTaskScheduler [(null)] <(null)> - Real-time Deadline exceeded : 59.0118
2012-02-24 14:28:49,638 [11] WARN  WPF.RealTime.Infrastructure.Tasks.Schedulers.PriorityTaskScheduler [(null)] <(null)> - Real-time Deadline exceeded : 61.0122
2012-02-24 14:28:49,700 [13] WARN  WPF.RealTime.Infrastructure.Tasks.Schedulers.PriorityTaskScheduler [(null)] <(null)> - Real-time Deadline exceeded : 61.0122
2012-02-24 14:28:49,700 [13] WARN  WPF.RealTime.Infrastructure.Tasks.Schedulers.PriorityTaskScheduler [(null)] <(null)> - Real-time Deadline exceeded : 58.0116
2012-02-24 14:28:49,764 [13] WARN  WPF.RealTime.Infrastructure.Tasks.Schedulers.PriorityTaskScheduler [(null)] <(null)> - Real-time Deadline exceeded : 63.0126
2012-02-24 14:28:49,764 [13] WARN  WPF.RealTime.Infrastructure.Tasks.Schedulers.PriorityTaskScheduler [(null)] <(null)> - Real-time Deadline exceeded : 60.012
2012-02-24 14:28:49,825 [13] WARN  WPF.RealTime.Infrastructure.Tasks.Schedulers.PriorityTaskScheduler [(null)] <(null)> - Real-time Deadline exceeded : 60.012
2012-02-24 14:28:49,825 [13] WARN  WPF.RealTime.Infrastructure.Tasks.Schedulers.PriorityTaskScheduler [(null)] <(null)> - Real-time Deadline exceeded : 56.0112
2012-02-24 14:28:49,887 [13] WARN  WPF.RealTime.Infrastructure.Tasks.Schedulers.PriorityTaskScheduler [(null)] <(null)> - Real-time Deadline exceeded : 59.0118
2012-02-24 14:28:49,887 [13] WARN  WPF.RealTime.Infrastructure.Tasks.Schedulers.PriorityTaskScheduler [(null)] <(null)> - Real-time Deadline exceeded : 56.0112
2012-02-24 14:28:49,951 [13] WARN  WPF.RealTime.Infrastructure.Tasks.Schedulers.PriorityTaskScheduler [(null)] <(null)> - Real-time Deadline exceeded : 63.0126
2012-02-24 14:28:49,951 [14] WARN  WPF.RealTime.Infrastructure.Tasks.Schedulers.PriorityTaskScheduler [(null)] <(null)> - Real-time Deadline exceeded : 59.0118
2012-02-24 14:28:50,017 [13] WARN  WPF.RealTime.Infrastructure.Tasks.Schedulers.PriorityTaskScheduler [(null)] <(null)> - Real-time Deadline exceeded : 60.012
2012-02-24 14:28:50,017 [11] WARN  WPF.RealTime.Infrastructure.Tasks.Schedulers.PriorityTaskScheduler [(null)] <(null)> - Real-time Deadline exceeded : 64.0128
2012-02-24 14:28:50,075 [11] WARN  WPF.RealTime.Infrastructure.Tasks.Schedulers.PriorityTaskScheduler [(null)] <(null)> - Real-time Deadline exceeded : 53.0106
2012-02-24 14:28:50,075 [13] WARN  WPF.RealTime.Infrastructure.Tasks.Schedulers.PriorityTaskScheduler [(null)] <(null)> - Real-time Deadline exceeded : 58.0116
2012-02-24 14:28:50,138 [14] WARN  WPF.RealTime.Infrastructure.Tasks.Schedulers.PriorityTaskScheduler [(null)] <(null)> - Real-time Deadline exceeded : 62.0124
2012-02-24 14:28:50,138 [14] WARN  WPF.RealTime.Infrastructure.Tasks.Schedulers.PriorityTaskScheduler [(null)] <(null)> - Real-time Deadline exceeded : 59.0118
2012-02-24 14:28:50,199 [13] WARN  WPF.RealTime.Infrastructure.Tasks.Schedulers.PriorityTaskScheduler [(null)] <(null)> - Real-time Deadline exceeded : 59.0118
2012-02-24 14:28:50,199 [13] WARN  WPF.RealTime.Infrastructure.Tasks.Schedulers.PriorityTaskScheduler [(null)] <(null)> - Real-time Deadline exceeded : 56.0112
2012-02-24 14:28:50,264 [11] WARN  WPF.RealTime.Infrastructure.Tasks.Schedulers.PriorityTaskScheduler [(null)] <(null)> - Real-time Deadline exceeded : 60.012
2012-02-24 14:28:50,264 [13] WARN  WPF.RealTime.Infrastructure.Tasks.Schedulers.PriorityTaskScheduler [(null)] <(null)> - Real-time Deadline exceeded : 63.0126
2012-02-24 14:28:51,081 [13] WARN  WPF.RealTime.Infrastructure.Tasks.Schedulers.PriorityTaskScheduler [(null)] <(null)> - Real-time Deadline exceeded : 51.0102
2012-02-24 14:28:51,136 [14] WARN  WPF.RealTime.Infrastructure.Tasks.Schedulers.PriorityTaskScheduler [(null)] <(null)> - Real-time Deadline exceeded : 54.0108
2012-02-24 14:28:51,199 [14] WARN  WPF.RealTime.Infrastructure.Tasks.Schedulers.PriorityTaskScheduler [(null)] <(null)> - Real-time Deadline exceeded : 59.0118
2012-02-24 14:28:51,261 [11] WARN  WPF.RealTime.Infrastructure.Tasks.Schedulers.PriorityTaskScheduler [(null)] <(null)> - Real-time Deadline exceeded : 57.0114
2012-02-24 14:28:51,324 [11] WARN  WPF.RealTime.Infrastructure.Tasks.Schedulers.PriorityTaskScheduler [(null)] <(null)> - Real-time Deadline exceeded : 56.0112
2012-02-24 14:28:51,388 [13] WARN  WPF.RealTime.Infrastructure.Tasks.Schedulers.PriorityTaskScheduler [(null)] <(null)> - Real-time Deadline exceeded : 59.0118
2012-02-24 14:28:51,448 [13] WARN  WPF.RealTime.Infrastructure.Tasks.Schedulers.PriorityTaskScheduler [(null)] <(null)> - Real-time Deadline exceeded : 55.011
2012-02-24 14:28:51,465 [10] INFO  WPF.RealTime.Shell.App [(null)] <(null)> - Theme changed: Luna
2012-02-24 14:28:51,510 [12] WARN  WPF.RealTime.Infrastructure.Tasks.Schedulers.PriorityTaskScheduler [(null)] <(null)> - Real-time Deadline exceeded : 57.0114
2012-02-24 14:28:51,574 [14] WARN  WPF.RealTime.Infrastructure.Tasks.Schedulers.PriorityTaskScheduler [(null)] <(null)> - Real-time Deadline exceeded : 63.0126
2012-02-24 14:28:51,635 [13] WARN  WPF.RealTime.Infrastructure.Tasks.Schedulers.PriorityTaskScheduler [(null)] <(null)> - Real-time Deadline exceeded : 56.0112
2012-02-24 14:28:51,698 [11] WARN  WPF.RealTime.Infrastructure.Tasks.Schedulers.PriorityTaskScheduler [(null)] <(null)> - Real-time Deadline exceeded : 59.0118
2012-02-24 14:28:51,760 [14] WARN  WPF.RealTime.Infrastructure.Tasks.Schedulers.PriorityTaskScheduler [(null)] <(null)> - Real-time Deadline exceeded : 57.0114
2012-02-24 14:28:52,323 [13] WARN  WPF.RealTime.Infrastructure.Tasks.Schedulers.PriorityTaskScheduler [(null)] <(null)> - Real-time Deadline exceeded : 62.0124
2012-02-24 14:28:52,682 [11] WARN  WPF.RealTime.Infrastructure.Tasks.Schedulers.PriorityTaskScheduler [(null)] <(null)> - Real-time Deadline exceeded : 94.0188
2012-02-24 14:28:52,947 [14] WARN  WPF.RealTime.Infrastructure.Tasks.Schedulers.PriorityTaskScheduler [(null)] <(null)> - Real-time Deadline exceeded : 60.012
2012-02-24 14:28:53,011 [13] WARN  WPF.RealTime.Infrastructure.Tasks.Schedulers.PriorityTaskScheduler [(null)] <(null)> - Real-time Deadline exceeded : 64.0128
2012-02-24 14:28:53,011 [13] WARN  WPF.RealTime.Infrastructure.Tasks.Schedulers.PriorityTaskScheduler [(null)] <(null)> - Real-time Deadline exceeded : 63.0126
2012-02-24 14:28:53,071 [11] WARN  WPF.RealTime.Infrastructure.Tasks.Schedulers.PriorityTaskScheduler [(null)] <(null)> - Real-time Deadline exceeded : 58.0116
2012-02-24 14:28:53,071 [11] WARN  WPF.RealTime.Infrastructure.Tasks.Schedulers.PriorityTaskScheduler [(null)] <(null)> - Real-time Deadline exceeded : 53.0106
2012-02-24 14:28:53,135 [11] WARN  WPF.RealTime.Infrastructure.Tasks.Schedulers.PriorityTaskScheduler [(null)] <(null)> - Real-time Deadline exceeded : 63.0126
2012-02-24 14:28:53,135 [11] WARN  WPF.RealTime.Infrastructure.Tasks.Schedulers.PriorityTaskScheduler [(null)] <(null)> - Real-time Deadline exceeded : 58.0116
2012-02-24 14:28:53,195 [11] WARN  WPF.RealTime.Infrastructure.Tasks.Schedulers.PriorityTaskScheduler [(null)] <(null)> - Real-time Deadline exceeded : 58.0116
2012-02-24 14:28:53,195 [11] WARN  WPF.RealTime.Infrastructure.Tasks.Schedulers.PriorityTaskScheduler [(null)] <(null)> - Real-time Deadline exceeded : 53.0106
2012-02-24 14:28:53,243 [22] INFO  Shell [(null)] <(null)> - Dispatcher Operations In Queue 1, 
2012-02-24 14:28:53,258 [11] WARN  WPF.RealTime.Infrastructure.Tasks.Schedulers.PriorityTaskScheduler [(null)] <(null)> - Real-time Deadline exceeded : 61.0122
2012-02-24 14:28:53,258 [11] WARN  WPF.RealTime.Infrastructure.Tasks.Schedulers.PriorityTaskScheduler [(null)] <(null)> - Real-time Deadline exceeded : 56.0112
2012-02-24 14:28:53,321 [11] WARN  WPF.RealTime.Infrastructure.Tasks.Schedulers.PriorityTaskScheduler [(null)] <(null)> - Real-time Deadline exceeded : 62.0124
2012-02-24 14:28:53,322 [11] WARN  WPF.RealTime.Infrastructure.Tasks.Schedulers.PriorityTaskScheduler [(null)] <(null)> - Real-time Deadline exceeded : 58.0116
2012-02-24 14:28:53,386 [12] WARN  WPF.RealTime.Infrastructure.Tasks.Schedulers.PriorityTaskScheduler [(null)] <(null)> - Real-time Deadline exceeded : 65.013
2012-02-24 14:28:53,447 [22] INFO  Bond Module [(null)] <(null)> - Dispatcher Operations In Queue 306, 
2012-02-24 14:28:53,447 [22] INFO  Bond Module [(null)] <(null)> - Pushing all Dispatcher operations
2012-02-24 14:28:53,447 [11] WARN  WPF.RealTime.Infrastructure.Tasks.Schedulers.PriorityTaskScheduler [(null)] <(null)> - Real-time Deadline exceeded : 59.0118
2012-02-24 14:28:53,448 [15] INFO  Future Module [(null)] <(null)> - Dispatcher Operations In Queue 162, 
2012-02-24 14:28:53,509 [11] WARN  WPF.RealTime.Infrastructure.Tasks.Schedulers.PriorityTaskScheduler [(null)] <(null)> - Real-time Deadline exceeded : 60.012
2012-02-24 14:28:53,571 [14] WARN  WPF.RealTime.Infrastructure.Tasks.Schedulers.PriorityTaskScheduler [(null)] <(null)> - Real-time Deadline exceeded : 61.0122
2012-02-24 14:28:53,633 [13] WARN  WPF.RealTime.Infrastructure.Tasks.Schedulers.PriorityTaskScheduler [(null)] <(null)> - Real-time Deadline exceeded : 60.012
2012-02-24 14:28:53,694 [12] WARN  WPF.RealTime.Infrastructure.Tasks.Schedulers.PriorityTaskScheduler [(null)] <(null)> - Real-time Deadline exceeded : 60.012
2012-02-24 14:28:53,760 [13] WARN  WPF.RealTime.Infrastructure.Tasks.Schedulers.PriorityTaskScheduler [(null)] <(null)> - Real-time Deadline exceeded : 65.013
2012-02-24 14:28:53,821 [14] WARN  WPF.RealTime.Infrastructure.Tasks.Schedulers.PriorityTaskScheduler [(null)] <(null)> - Real-time Deadline exceeded : 59.0118
2012-02-24 14:28:53,883 [11] WARN  WPF.RealTime.Infrastructure.Tasks.Schedulers.PriorityTaskScheduler [(null)] <(null)> - Real-time Deadline exceeded : 61.0122
2012-02-24 14:28:53,946 [11] WARN  WPF.RealTime.Infrastructure.Tasks.Schedulers.PriorityTaskScheduler [(null)] <(null)> - Real-time Deadline exceeded : 60.012
2012-02-24 14:28:54,007 [11] WARN  WPF.RealTime.Infrastructure.Tasks.Schedulers.PriorityTaskScheduler [(null)] <(null)> - Real-time Deadline exceeded : 57.0114
2012-02-24 14:28:54,071 [11] WARN  WPF.RealTime.Infrastructure.Tasks.Schedulers.PriorityTaskScheduler [(null)] <(null)> - Real-time Deadline exceeded : 63.0126
2012-02-24 14:28:54,319 [14] WARN  WPF.RealTime.Infrastructure.Tasks.Schedulers.PriorityTaskScheduler [(null)] <(null)> - Real-time Deadline exceeded : 61.0122
2012-02-24 14:28:54,367 [10] INFO  WPF.RealTime.Shell.App [(null)] <(null)> - Theme changed: Royale
2012-02-24 14:28:54,703 [11] WARN  WPF.RealTime.Infrastructure.Tasks.Schedulers.PriorityTaskScheduler [(null)] <(null)> - Real-time Deadline exceeded : 54.0108
2012-02-24 14:28:54,756 [12] WARN  WPF.RealTime.Infrastructure.Tasks.Schedulers.PriorityTaskScheduler [(null)] <(null)> - Real-time Deadline exceeded : 50.01
2012-02-24 14:28:54,818 [13] WARN  WPF.RealTime.Infrastructure.Tasks.Schedulers.PriorityTaskScheduler [(null)] <(null)> - Real-time Deadline exceeded : 56.0112
2012-02-24 14:28:54,881 [11] WARN  WPF.RealTime.Infrastructure.Tasks.Schedulers.PriorityTaskScheduler [(null)] <(null)> - Real-time Deadline exceeded : 58.0116
2012-02-24 14:28:54,942 [13] WARN  WPF.RealTime.Infrastructure.Tasks.Schedulers.PriorityTaskScheduler [(null)] <(null)> - Real-time Deadline exceeded : 53.0106
2012-02-24 14:28:55,006 [12] WARN  WPF.RealTime.Infrastructure.Tasks.Schedulers.PriorityTaskScheduler [(null)] <(null)> - Real-time Deadline exceeded : 57.0114
2012-02-24 14:28:55,069 [14] WARN  WPF.RealTime.Infrastructure.Tasks.Schedulers.PriorityTaskScheduler [(null)] <(null)> - Real-time Deadline exceeded : 56.0112
2012-02-24 14:28:55,129 [11] WARN  WPF.RealTime.Infrastructure.Tasks.Schedulers.PriorityTaskScheduler [(null)] <(null)> - Real-time Deadline exceeded : 56.0112
2012-02-24 14:28:55,193 [11] WARN  WPF.RealTime.Infrastructure.Tasks.Schedulers.PriorityTaskScheduler [(null)] <(null)> - Real-time Deadline exceeded : 58.0116
2012-02-24 14:28:55,256 [12] WARN  WPF.RealTime.Infrastructure.Tasks.Schedulers.PriorityTaskScheduler [(null)] <(null)> - Real-time Deadline exceeded : 59.0118
2012-02-24 14:28:55,319 [13] WARN  WPF.RealTime.Infrastructure.Tasks.Schedulers.PriorityTaskScheduler [(null)] <(null)> - Real-time Deadline exceeded : 57.0114
2012-02-24 14:28:55,380 [14] WARN  WPF.RealTime.Infrastructure.Tasks.Schedulers.PriorityTaskScheduler [(null)] <(null)> - Real-time Deadline exceeded : 56.0112
2012-02-24 14:28:56,200 [10] INFO  WPF.RealTime.Infrastructure.Tasks.Schedulers.PriorityTaskScheduler [(null)] <(null)> - Sporadic jumped the queue at: 2/24/2012 6:28:56 AM
2012-02-24 14:28:56,255 [11] WARN  WPF.RealTime.Infrastructure.Tasks.Schedulers.PriorityTaskScheduler [(null)] <(null)> - Real-time Deadline exceeded : 53.0106
2012-02-24 14:28:56,255 [11] WARN  WPF.RealTime.Infrastructure.Tasks.Schedulers.PriorityTaskScheduler [(null)] <(null)> - Real-time Deadline exceeded : 50.01
2012-02-24 14:28:56,316 [12] WARN  WPF.RealTime.Infrastructure.Tasks.Schedulers.PriorityTaskScheduler [(null)] <(null)> - Real-time Deadline exceeded : 59.0118
2012-02-24 14:28:56,316 [11] WARN  WPF.RealTime.Infrastructure.Tasks.Schedulers.PriorityTaskScheduler [(null)] <(null)> - Real-time Deadline exceeded : 59.0118
2012-02-24 14:28:56,316 [12] WARN  WPF.RealTime.Infrastructure.Tasks.Schedulers.PriorityTaskScheduler [(null)] <(null)> - Real-time Deadline exceeded : 53.0106
2012-02-24 14:28:57,496 [11] WARN  WPF.RealTime.Infrastructure.Tasks.Schedulers.PriorityTaskScheduler [(null)] <(null)> - Real-time Deadline exceeded : 101.0202
2012-02-24 14:28:58,171 [10] INFO  WPF.RealTime.Infrastructure.Tasks.Schedulers.PriorityTaskScheduler [(null)] <(null)> - Sporadic jumped the queue at: 2/24/2012 6:28:58 AM
2012-02-24 14:28:58,250 [26] INFO  Shell [(null)] <(null)> - Dispatcher Operations In Queue 1, 
2012-02-24 14:28:58,314 [12] WARN  WPF.RealTime.Infrastructure.Tasks.Schedulers.PriorityTaskScheduler [(null)] <(null)> - Real-time Deadline exceeded : 64.0128
2012-02-24 14:28:58,440 [21] INFO  Future Module [(null)] <(null)> - Dispatcher Operations In Queue 240, 
2012-02-24 14:28:58,440 [20] INFO  Bond Module [(null)] <(null)> - Dispatcher Operations In Queue 75, 
2012-02-24 14:28:59,059 [10] INFO  WPF.RealTime.Infrastructure.Tasks.Schedulers.PriorityTaskScheduler [(null)] <(null)> - Sporadic jumped the queue at: 2/24/2012 6:28:59 AM
2012-02-24 14:28:59,129 [13] WARN  WPF.RealTime.Infrastructure.Tasks.Schedulers.PriorityTaskScheduler [(null)] <(null)> - Real-time Deadline exceeded : 64.0128
2012-02-24 14:28:59,187 [11] WARN  WPF.RealTime.Infrastructure.Tasks.Schedulers.PriorityTaskScheduler [(null)] <(null)> - Real-time Deadline exceeded : 62.0124
2012-02-24 14:28:59,187 [11] WARN  WPF.RealTime.Infrastructure.Tasks.Schedulers.PriorityTaskScheduler [(null)] <(null)> - Real-time Deadline exceeded : 58.0116
2012-02-24 14:28:59,250 [11] WARN  WPF.RealTime.Infrastructure.Tasks.Schedulers.PriorityTaskScheduler [(null)] <(null)> - Real-time Deadline exceeded : 62.0124
2012-02-24 14:28:59,250 [11] WARN  WPF.RealTime.Infrastructure.Tasks.Schedulers.PriorityTaskScheduler [(null)] <(null)> - Real-time Deadline exceeded : 56.0112
2012-02-24 14:28:59,311 [11] WARN  WPF.RealTime.Infrastructure.Tasks.Schedulers.PriorityTaskScheduler [(null)] <(null)> - Real-time Deadline exceeded : 60.012
2012-02-24 14:28:59,373 [14] WARN  WPF.RealTime.Infrastructure.Tasks.Schedulers.PriorityTaskScheduler [(null)] <(null)> - Real-time Deadline exceeded : 61.0122
2012-02-24 14:28:59,437 [14] WARN  WPF.RealTime.Infrastructure.Tasks.Schedulers.PriorityTaskScheduler [(null)] <(null)> - Real-time Deadline exceeded : 63.0126
2012-02-24 14:28:59,498 [14] WARN  WPF.RealTime.Infrastructure.Tasks.Schedulers.PriorityTaskScheduler [(null)] <(null)> - Real-time Deadline exceeded : 60.012
2012-02-24 14:28:59,562 [11] WARN  WPF.RealTime.Infrastructure.Tasks.Schedulers.PriorityTaskScheduler [(null)] <(null)> - Real-time Deadline exceeded : 63.0126
2012-02-24 14:28:59,625 [11] WARN  WPF.RealTime.Infrastructure.Tasks.Schedulers.PriorityTaskScheduler [(null)] <(null)> - Real-time Deadline exceeded : 57.0114
2012-02-24 14:28:59,686 [11] WARN  WPF.RealTime.Infrastructure.Tasks.Schedulers.PriorityTaskScheduler [(null)] <(null)> - Real-time Deadline exceeded : 58.0116
2012-02-24 14:28:59,749 [11] WARN  WPF.RealTime.Infrastructure.Tasks.Schedulers.PriorityTaskScheduler [(null)] <(null)> - Real-time Deadline exceeded : 60.012
2012-02-24 14:28:59,811 [11] WARN  WPF.RealTime.Infrastructure.Tasks.Schedulers.PriorityTaskScheduler [(null)] <(null)> - Real-time Deadline exceeded : 59.0118
2012-02-24 14:28:59,875 [11] WARN  WPF.RealTime.Infrastructure.Tasks.Schedulers.PriorityTaskScheduler [(null)] <(null)> - Real-time Deadline exceeded : 60.012
2012-02-24 14:28:59,936 [14] WARN  WPF.RealTime.Infrastructure.Tasks.Schedulers.PriorityTaskScheduler [(null)] <(null)> - Real-time Deadline exceeded : 60.012
2012-02-24 14:28:59,999 [11] WARN  WPF.RealTime.Infrastructure.Tasks.Schedulers.PriorityTaskScheduler [(null)] <(null)> - Real-time Deadline exceeded : 62.0124
2012-02-24 14:29:00,062 [12] WARN  WPF.RealTime.Infrastructure.Tasks.Schedulers.PriorityTaskScheduler [(null)] <(null)> - Real-time Deadline exceeded : 62.0124
2012-02-24 14:29:00,125 [12] WARN  WPF.RealTime.Infrastructure.Tasks.Schedulers.PriorityTaskScheduler [(null)] <(null)> - Real-time Deadline exceeded : 62.0124
2012-02-24 14:29:00,187 [12] WARN  WPF.RealTime.Infrastructure.Tasks.Schedulers.PriorityTaskScheduler [(null)] <(null)> - Real-time Deadline exceeded : 61.0122
2012-02-24 14:29:00,248 [13] WARN  WPF.RealTime.Infrastructure.Tasks.Schedulers.PriorityTaskScheduler [(null)] <(null)> - Real-time Deadline exceeded : 60.012
2012-02-24 14:29:00,311 [13] WARN  WPF.RealTime.Infrastructure.Tasks.Schedulers.PriorityTaskScheduler [(null)] <(null)> - Real-time Deadline exceeded : 62.0124
2012-02-24 14:29:00,372 [12] WARN  WPF.RealTime.Infrastructure.Tasks.Schedulers.PriorityTaskScheduler [(null)] <(null)> - Real-time Deadline exceeded : 59.0118
2012-02-24 14:29:00,435 [14] WARN  WPF.RealTime.Infrastructure.Tasks.Schedulers.PriorityTaskScheduler [(null)] <(null)> - Real-time Deadline exceeded : 62.0124
2012-02-24 14:29:00,498 [11] WARN  WPF.RealTime.Infrastructure.Tasks.Schedulers.PriorityTaskScheduler [(null)] <(null)> - Real-time Deadline exceeded : 62.0124
2012-02-24 14:29:00,560 [11] WARN  WPF.RealTime.Infrastructure.Tasks.Schedulers.PriorityTaskScheduler [(null)] <(null)> - Real-time Deadline exceeded : 61.0122
2012-02-24 14:29:00,729 [13] WARN  WPF.RealTime.Infrastructure.Tasks.Schedulers.PriorityTaskScheduler [(null)] <(null)> - Real-time Deadline exceeded : 168.0336
2012-02-24 14:29:00,729 [11] WARN  WPF.RealTime.Infrastructure.Tasks.Schedulers.PriorityTaskScheduler [(null)] <(null)> - Real-time Deadline exceeded : 105.021
2012-02-24 14:29:01,476 [13] WARN  WPF.RealTime.Infrastructure.Tasks.Schedulers.PriorityTaskScheduler [(null)] <(null)> - Real-time Deadline exceeded : 107.0214
2012-02-24 14:29:01,476 [11] WARN  WPF.RealTime.Infrastructure.Tasks.Schedulers.PriorityTaskScheduler [(null)] <(null)> - Real-time Deadline exceeded : 134.0268
2012-02-24 14:29:01,476 [10] INFO  WPF.RealTime.Infrastructure.Tasks.Schedulers.PriorityTaskScheduler [(null)] <(null)> - Sporadic jumped the queue at: 2/24/2012 6:29:01 AM
2012-02-24 14:29:02,183 [12] WARN  WPF.RealTime.Infrastructure.Tasks.Schedulers.PriorityTaskScheduler [(null)] <(null)> - Real-time Deadline exceeded : 63.0126
2012-02-24 14:29:02,246 [13] WARN  WPF.RealTime.Infrastructure.Tasks.Schedulers.PriorityTaskScheduler [(null)] <(null)> - Real-time Deadline exceeded : 57.0114
2012-02-24 14:29:02,309 [12] WARN  WPF.RealTime.Infrastructure.Tasks.Schedulers.PriorityTaskScheduler [(null)] <(null)> - Real-time Deadline exceeded : 59.0118
2012-02-24 14:29:02,372 [13] WARN  WPF.RealTime.Infrastructure.Tasks.Schedulers.PriorityTaskScheduler [(null)] <(null)> - Real-time Deadline exceeded : 61.0122
2012-02-24 14:29:02,432 [14] WARN  WPF.RealTime.Infrastructure.Tasks.Schedulers.PriorityTaskScheduler [(null)] <(null)> - Real-time Deadline exceeded : 54.0108
2012-02-24 14:29:02,495 [13] WARN  WPF.RealTime.Infrastructure.Tasks.Schedulers.PriorityTaskScheduler [(null)] <(null)> - Real-time Deadline exceeded : 57.0114
2012-02-24 14:29:02,558 [11] WARN  WPF.RealTime.Infrastructure.Tasks.Schedulers.PriorityTaskScheduler [(null)] <(null)> - Real-time Deadline exceeded : 57.0114
2012-02-24 14:29:02,622 [14] WARN  WPF.RealTime.Infrastructure.Tasks.Schedulers.PriorityTaskScheduler [(null)] <(null)> - Real-time Deadline exceeded : 56.0112
2012-02-24 14:29:02,682 [13] WARN  WPF.RealTime.Infrastructure.Tasks.Schedulers.PriorityTaskScheduler [(null)] <(null)> - Real-time Deadline exceeded : 54.0108
2012-02-24 14:29:02,745 [14] WARN  WPF.RealTime.Infrastructure.Tasks.Schedulers.PriorityTaskScheduler [(null)] <(null)> - Real-time Deadline exceeded : 55.011
2012-02-24 14:29:02,806 [13] WARN  WPF.RealTime.Infrastructure.Tasks.Schedulers.PriorityTaskScheduler [(null)] <(null)> - Real-time Deadline exceeded : 56.0112
2012-02-24 14:29:02,870 [12] WARN  WPF.RealTime.Infrastructure.Tasks.Schedulers.PriorityTaskScheduler [(null)] <(null)> - Real-time Deadline exceeded : 59.0118
2012-02-24 14:29:02,933 [13] WARN  WPF.RealTime.Infrastructure.Tasks.Schedulers.PriorityTaskScheduler [(null)] <(null)> - Real-time Deadline exceeded : 55.011
2012-02-24 14:29:02,995 [14] WARN  WPF.RealTime.Infrastructure.Tasks.Schedulers.PriorityTaskScheduler [(null)] <(null)> - Real-time Deadline exceeded : 56.0112
2012-02-24 14:29:03,058 [11] WARN  WPF.RealTime.Infrastructure.Tasks.Schedulers.PriorityTaskScheduler [(null)] <(null)> - Real-time Deadline exceeded : 58.0116
2012-02-24 14:29:03,119 [11] WARN  WPF.RealTime.Infrastructure.Tasks.Schedulers.PriorityTaskScheduler [(null)] <(null)> - Real-time Deadline exceeded : 56.0112
2012-02-24 14:29:03,183 [14] WARN  WPF.RealTime.Infrastructure.Tasks.Schedulers.PriorityTaskScheduler [(null)] <(null)> - Real-time Deadline exceeded : 55.011
2012-02-24 14:29:03,244 [18] INFO  Shell [(null)] <(null)> - Dispatcher Operations In Queue 1, 
2012-02-24 14:29:03,244 [14] WARN  WPF.RealTime.Infrastructure.Tasks.Schedulers.PriorityTaskScheduler [(null)] <(null)> - Real-time Deadline exceeded : 54.0108
2012-02-24 14:29:03,305 [13] WARN  WPF.RealTime.Infrastructure.Tasks.Schedulers.PriorityTaskScheduler [(null)] <(null)> - Real-time Deadline exceeded : 56.0112
2012-02-24 14:29:03,370 [13] WARN  WPF.RealTime.Infrastructure.Tasks.Schedulers.PriorityTaskScheduler [(null)] <(null)> - Real-time Deadline exceeded : 57.0114
2012-02-24 14:29:03,430 [13] WARN  WPF.RealTime.Infrastructure.Tasks.Schedulers.PriorityTaskScheduler [(null)] <(null)> - Real-time Deadline exceeded : 53.0106
2012-02-24 14:29:03,460 [15] INFO  Future Module [(null)] <(null)> - Dispatcher Operations In Queue 321, 
2012-02-24 14:29:03,460 [15] INFO  Future Module [(null)] <(null)> - Pushing all Dispatcher operations
2012-02-24 14:29:03,461 [18] INFO  Bond Module [(null)] <(null)> - Dispatcher Operations In Queue 154, 
[Footer] 