D:\VsProjects\AutoUpdate\AutoUpdate\Debug\AutoUpdate.exe.embed.manifest
D:\VSPROJECTS\AUTOUPDATE\AUTOUPDATE\DEBUG\AUTOUPDATE.EXE.EMBED.MANIFEST.RES
D:\VsProjects\AutoUpdate\AutoUpdate\Debug\AutoUpdate.exe.intermediate.manifest
D:\VSPROJECTS\AUTOUPDATE\AUTOUPDATE\DEBUG\AUTOUPDATE.OBJ
D:\VSPROJECTS\AUTOUPDATE\AUTOUPDATE\DEBUG\AUTOUPDATE.PCH
D:\VsProjects\AutoUpdate\AutoUpdate\Debug\AutoUpdate.write.1.tlog
D:\VsProjects\AutoUpdate\AutoUpdate\Debug\AutoUpdate_manifest.rc
D:\VsProjects\AutoUpdate\AutoUpdate\Debug\cl.command.1.tlog
D:\VsProjects\AutoUpdate\AutoUpdate\Debug\CL.read.1.tlog
D:\VsProjects\AutoUpdate\AutoUpdate\Debug\CL.write.1.tlog
D:\VsProjects\AutoUpdate\AutoUpdate\Debug\link.command.1.tlog
D:\VsProjects\AutoUpdate\AutoUpdate\Debug\link.read.1.tlog
D:\VsProjects\AutoUpdate\AutoUpdate\Debug\link.write.1.tlog
D:\VsProjects\AutoUpdate\AutoUpdate\Debug\link-cvtres.read.1.tlog
D:\VsProjects\AutoUpdate\AutoUpdate\Debug\link-cvtres.write.1.tlog
D:\VSPROJECTS\AUTOUPDATE\AUTOUPDATE\DEBUG\MYCLIENT.OBJ
D:\VSPROJECTS\AUTOUPDATE\AUTOUPDATE\DEBUG\MYEXCEPTION.OBJ
D:\VSPROJECTS\AUTOUPDATE\AUTOUPDATE\DEBUG\MYHOSTINFO.OBJ
D:\VSPROJECTS\AUTOUPDATE\AUTOUPDATE\DEBUG\MYLOG.OBJ
D:\VSPROJECTS\AUTOUPDATE\AUTOUPDATE\DEBUG\MYSOCKET.OBJ
D:\VSPROJECTS\AUTOUPDATE\AUTOUPDATE\DEBUG\MYSOCKETTESTER.OBJ
D:\VsProjects\AutoUpdate\AutoUpdate\Debug\rc.command.1.tlog
D:\VsProjects\AutoUpdate\AutoUpdate\Debug\rc.read.1.tlog
D:\VsProjects\AutoUpdate\AutoUpdate\Debug\rc.write.1.tlog
D:\VSPROJECTS\AUTOUPDATE\AUTOUPDATE\DEBUG\STDAFX.OBJ
D:\VsProjects\AutoUpdate\AutoUpdate\Debug\vc100.idb
D:\VSPROJECTS\AUTOUPDATE\AUTOUPDATE\DEBUG\VC100.PDB
D:\VSPROJECTS\AUTOUPDATE\AUTOUPDATE\DEBUG\WINSERVER.OBJ
D:\VsProjects\AutoUpdate\Debug\AutoUpdate.pdb
