D:\VSPROJECTS\INSERTSORT\DEBUG\INSERTSORT.EXE
D:\VSPROJECTS\INSERTSORT\DEBUG\INSERTSORT.ILK
D:\VSPROJECTS\INSERTSORT\DEBUG\INSERTSORT.PDB
D:\VsProjects\InsertSort\InsertSort\Debug\cl.command.1.tlog
D:\VsProjects\InsertSort\InsertSort\Debug\CL.read.1.tlog
D:\VsProjects\InsertSort\InsertSort\Debug\CL.write.1.tlog
D:\VSPROJECTS\INSERTSORT\INSERTSORT\DEBUG\INSERTSORT.EXE.EMBED.MANIFEST
D:\VSPROJECTS\INSERTSORT\INSERTSORT\DEBUG\INSERTSORT.EXE.EMBED.MANIFEST.RES
D:\VSPROJECTS\INSERTSORT\INSERTSORT\DEBUG\INSERTSORT.EXE.INTERMEDIATE.MANIFEST
D:\VSPROJECTS\INSERTSORT\INSERTSORT\DEBUG\INSERTSORT.OBJ
D:\VSPROJECTS\INSERTSORT\INSERTSORT\DEBUG\INSERTSORT.PCH
D:\VsProjects\InsertSort\InsertSort\Debug\InsertSort.write.1.tlog
D:\VsProjects\InsertSort\InsertSort\Debug\InsertSort_manifest.rc
D:\VsProjects\InsertSort\InsertSort\Debug\link.4544.read.1.tlog
D:\VsProjects\InsertSort\InsertSort\Debug\link.4544.write.1.tlog
D:\VsProjects\InsertSort\InsertSort\Debug\link.4544-cvtres.read.1.tlog
D:\VsProjects\InsertSort\InsertSort\Debug\link.4544-cvtres.write.1.tlog
D:\VsProjects\InsertSort\InsertSort\Debug\link.command.1.tlog
D:\VsProjects\InsertSort\InsertSort\Debug\link.read.1.tlog
D:\VsProjects\InsertSort\InsertSort\Debug\link.write.1.tlog
D:\VsProjects\InsertSort\InsertSort\Debug\link-cvtres.read.1.tlog
D:\VsProjects\InsertSort\InsertSort\Debug\link-cvtres.write.1.tlog
D:\VsProjects\InsertSort\InsertSort\Debug\mt.command.1.tlog
D:\VsProjects\InsertSort\InsertSort\Debug\mt.read.1.tlog
D:\VsProjects\InsertSort\InsertSort\Debug\mt.write.1.tlog
D:\VsProjects\InsertSort\InsertSort\Debug\rc.command.1.tlog
D:\VsProjects\InsertSort\InsertSort\Debug\rc.read.1.tlog
D:\VsProjects\InsertSort\InsertSort\Debug\rc.write.1.tlog
D:\VSPROJECTS\INSERTSORT\INSERTSORT\DEBUG\STDAFX.OBJ
D:\VsProjects\InsertSort\InsertSort\Debug\vc100.idb
D:\VSPROJECTS\INSERTSORT\INSERTSORT\DEBUG\VC100.PDB
