Build started 7/23/2012 8:32:21 AM.
     1>Project "D:\VsProjects\InsertSort\InsertSort\InsertSort.vcxproj" on node 2 (rebuild target(s)).
     1>_PrepareForClean:
         Deleting file "Debug\InsertSort.lastbuildstate".
       InitializeBuildStatus:
         Creating "Debug\InsertSort.unsuccessfulbuild" because "AlwaysCreate" was specified.
       ClCompile:
         C:\Program Files (x86)\Microsoft Visual Studio 10.0\VC\bin\CL.exe /c /ZI /nologo /W3 /WX- /Od /Oy- /D WIN32 /D _DEBUG /D _CONSOLE /D _UNICODE /D UNICODE /Gm /EHsc /RTC1 /MDd /GS /fp:precise /Zc:wchar_t /Zc:forScope /Yc"StdAfx.h" /Fp"Debug\InsertSort.pch" /Fo"Debug\\" /Fd"Debug\vc100.pdb" /Gd /TP /analyze- /errorReport:prompt stdafx.cpp
         stdafx.cpp
         C:\Program Files (x86)\Microsoft Visual Studio 10.0\VC\bin\CL.exe /c /ZI /nologo /W3 /WX- /Od /Oy- /D WIN32 /D _DEBUG /D _CONSOLE /D _UNICODE /D UNICODE /Gm /EHsc /RTC1 /MDd /GS /fp:precise /Zc:wchar_t /Zc:forScope /Yu"StdAfx.h" /Fp"Debug\InsertSort.pch" /Fo"Debug\\" /Fd"Debug\vc100.pdb" /Gd /TP /analyze- /errorReport:prompt InsertSort.cpp
         InsertSort.cpp
       ManifestResourceCompile:
         C:\Program Files (x86)\Microsoft SDKs\Windows\v7.0A\bin\rc.exe /nologo /fo"Debug\InsertSort.exe.embed.manifest.res" Debug\InsertSort_manifest.rc 
       Link:
         C:\Program Files (x86)\Microsoft Visual Studio 10.0\VC\bin\link.exe /ERRORREPORT:PROMPT /OUT:"D:\VsProjects\InsertSort\Debug\InsertSort.exe" /INCREMENTAL /NOLOGO kernel32.lib user32.lib gdi32.lib winspool.lib comdlg32.lib advapi32.lib shell32.lib ole32.lib oleaut32.lib uuid.lib odbc32.lib odbccp32.lib /MANIFEST /ManifestFile:"Debug\InsertSort.exe.intermediate.manifest" /MANIFESTUAC:"level='asInvoker' uiAccess='false'" /DEBUG /PDB:"D:\VsProjects\InsertSort\Debug\InsertSort.pdb" /SUBSYSTEM:CONSOLE /TLBID:1 /DYNAMICBASE /NXCOMPAT /IMPLIB:"D:\VsProjects\InsertSort\Debug\InsertSort.lib" /MACHINE:X86 Debug\InsertSort.exe.embed.manifest.res
         Debug\InsertSort.obj
         Debug\stdafx.obj
       Manifest:
         Deleting file "Debug\InsertSort.exe.embed.manifest".
         C:\Program Files (x86)\Microsoft SDKs\Windows\v7.0A\bin\mt.exe /nologo /verbose /out:"Debug\InsertSort.exe.embed.manifest" /manifest Debug\InsertSort.exe.intermediate.manifest
         C:\Program Files (x86)\Microsoft SDKs\Windows\v7.0A\bin\rc.exe /nologo /fo"Debug\InsertSort.exe.embed.manifest.res" Debug\InsertSort_manifest.rc 
       LinkEmbedManifest:
         C:\Program Files (x86)\Microsoft Visual Studio 10.0\VC\bin\link.exe /ERRORREPORT:PROMPT /OUT:"D:\VsProjects\InsertSort\Debug\InsertSort.exe" /INCREMENTAL /NOLOGO kernel32.lib user32.lib gdi32.lib winspool.lib comdlg32.lib advapi32.lib shell32.lib ole32.lib oleaut32.lib uuid.lib odbc32.lib odbccp32.lib /MANIFEST /ManifestFile:"Debug\InsertSort.exe.intermediate.manifest" /MANIFESTUAC:"level='asInvoker' uiAccess='false'" /DEBUG /PDB:"D:\VsProjects\InsertSort\Debug\InsertSort.pdb" /SUBSYSTEM:CONSOLE /TLBID:1 /DYNAMICBASE /NXCOMPAT /IMPLIB:"D:\VsProjects\InsertSort\Debug\InsertSort.lib" /MACHINE:X86 Debug\InsertSort.exe.embed.manifest.res
         Debug\InsertSort.obj
         Debug\stdafx.obj
         InsertSort.vcxproj -> D:\VsProjects\InsertSort\Debug\InsertSort.exe
       FinalizeBuildStatus:
         Deleting file "Debug\InsertSort.unsuccessfulbuild".
         Touching "Debug\InsertSort.lastbuildstate".
     1>Done Building Project "D:\VsProjects\InsertSort\InsertSort\InsertSort.vcxproj" (rebuild target(s)).

Build succeeded.

Time Elapsed 00:00:01.00
